2026-03-02 08:51:47,192 | INFO | Login Successful
2026-03-02 08:51:47,949 | INFO | Instrument master loaded
2026-03-02 08:54:33,288 | INFO | Login Successful
2026-03-02 08:54:34,019 | INFO | Instrument master loaded
2026-03-02 08:54:44,176 | ERROR | Connection closed
2026-03-02 08:54:44,177 | ERROR | Handshake status 429 Too Many Requests -+-+- {'server': 'nginx', 'date': 'Mon, 02 Mar 2026 08:54:44 GMT', 'content-type': 'text/html;charset=iso-8859-1', 'content-length': '615', 'connection': 'keep-alive', 'x-error-message': 'Invalid Request. Connection Limit Exceeded.', 'cache-control': 'must-revalidate,no-cache,no-store', 'strict-transport-security': 'max-age=31536000; includeSubDomains', 'content-security-policy': "default-src 'self';"} -+-+- b'<html>\n<head>\n<meta http-equiv="Content-Type" content="text/html;charset=ISO-8859-1"/>\n<title>Error 429 Invalid Request. Connection Limit Exceeded.</title>\n</head>\n<body><h2>HTTP ERROR 429 Invalid Request. Connection Limit Exceeded.</h2>\n<table>\n<tr><th>URI:</th><td>/smart-stream</td></tr>\n<tr><th>STATUS:</th><td>429</td></tr>\n<tr><th>MESSAGE:</th><td>Invalid Request. Connection Limit Exceeded.</td></tr>\n<tr><th>SERVLET:</th><td>org.eclipse.jetty.servlet.ServletHandler$Default404Servlet-629e8212</td></tr>\n</table>\n<hr/><a href="https://eclipse.org/jetty">Powered by Jetty:// 11.0.15</a><hr/>\n\n</body>\n</html>\n' - goodbye
2026-03-02 08:54:44,177 | ERROR | error from callback <bound method SmartWebSocketV2._on_close of <SmartApi.smartWebSocketV2.SmartWebSocketV2 object at 0x7a04e94ddbb0>>: SmartWebSocketV2._on_close() takes 2 positional arguments but 4 were given
2026-03-02 08:54:44,177 | ERROR | Connection closed
2026-03-02 08:54:44,177 | ERROR | Handshake status 429 Too Many Requests -+-+- {'server': 'nginx', 'date': 'Mon, 02 Mar 2026 08:54:34 GMT', 'content-type': 'text/html;charset=iso-8859-1', 'content-length': '615', 'connection': 'keep-alive', 'x-error-message': 'Invalid Request. Connection Limit Exceeded.', 'cache-control': 'must-revalidate,no-cache,no-store', 'strict-transport-security': 'max-age=31536000; includeSubDomains', 'content-security-policy': "default-src 'self';"} -+-+- b'<html>\n<head>\n<meta http-equiv="Content-Type" content="text/html;charset=ISO-8859-1"/>\n<title>Error 429 Invalid Request. Connection Limit Exceeded.</title>\n</head>\n<body><h2>HTTP ERROR 429 Invalid Request. Connection Limit Exceeded.</h2>\n<table>\n<tr><th>URI:</th><td>/smart-stream</td></tr>\n<tr><th>STATUS:</th><td>429</td></tr>\n<tr><th>MESSAGE:</th><td>Invalid Request. Connection Limit Exceeded.</td></tr>\n<tr><th>SERVLET:</th><td>org.eclipse.jetty.servlet.ServletHandler$Default404Servlet-629e8212</td></tr>\n</table>\n<hr/><a href="https://eclipse.org/jetty">Powered by Jetty:// 11.0.15</a><hr/>\n\n</body>\n</html>\n' - goodbye
2026-03-02 08:54:44,177 | ERROR | error from callback <bound method SmartWebSocketV2._on_close of <SmartApi.smartWebSocketV2.SmartWebSocketV2 object at 0x7a04e94ddbb0>>: SmartWebSocketV2._on_close() takes 2 positional arguments but 4 were given
2026-03-02 08:54:44,177 | ERROR | Connection closed
2026-03-02 08:56:16,372 | INFO | Login Successful
2026-03-02 08:56:17,098 | INFO | Instrument master loaded
2026-03-02 08:56:27,277 | ERROR | Connection closed
2026-03-02 08:56:27,277 | ERROR | Handshake status 429 Too Many Requests -+-+- {'server': 'nginx', 'date': 'Mon, 02 Mar 2026 08:56:27 GMT', 'content-type': 'text/html;charset=iso-8859-1', 'content-length': '615', 'connection': 'keep-alive', 'x-error-message': 'Invalid Request. Connection Limit Exceeded.', 'cache-control': 'must-revalidate,no-cache,no-store', 'strict-transport-security': 'max-age=31536000; includeSubDomains', 'content-security-policy': "default-src 'self';"} -+-+- b'<html>\n<head>\n<meta http-equiv="Content-Type" content="text/html;charset=ISO-8859-1"/>\n<title>Error 429 Invalid Request. Connection Limit Exceeded.</title>\n</head>\n<body><h2>HTTP ERROR 429 Invalid Request. Connection Limit Exceeded.</h2>\n<table>\n<tr><th>URI:</th><td>/smart-stream</td></tr>\n<tr><th>STATUS:</th><td>429</td></tr>\n<tr><th>MESSAGE:</th><td>Invalid Request. Connection Limit Exceeded.</td></tr>\n<tr><th>SERVLET:</th><td>org.eclipse.jetty.servlet.ServletHandler$Default404Servlet-629e8212</td></tr>\n</table>\n<hr/><a href="https://eclipse.org/jetty">Powered by Jetty:// 11.0.15</a><hr/>\n\n</body>\n</html>\n' - goodbye
2026-03-02 08:56:27,278 | ERROR | error from callback <bound method SmartWebSocketV2._on_close of <SmartApi.smartWebSocketV2.SmartWebSocketV2 object at 0x74c7a38be720>>: SmartWebSocketV2._on_close() takes 2 positional arguments but 4 were given
2026-03-02 08:56:27,278 | ERROR | Connection closed
2026-03-02 08:56:27,278 | ERROR | Handshake status 429 Too Many Requests -+-+- {'server': 'nginx', 'date': 'Mon, 02 Mar 2026 08:56:17 GMT', 'content-type': 'text/html;charset=iso-8859-1', 'content-length': '615', 'connection': 'keep-alive', 'x-error-message': 'Invalid Request. Connection Limit Exceeded.', 'cache-control': 'must-revalidate,no-cache,no-store', 'strict-transport-security': 'max-age=31536000; includeSubDomains', 'content-security-policy': "default-src 'self';"} -+-+- b'<html>\n<head>\n<meta http-equiv="Content-Type" content="text/html;charset=ISO-8859-1"/>\n<title>Error 429 Invalid Request. Connection Limit Exceeded.</title>\n</head>\n<body><h2>HTTP ERROR 429 Invalid Request. Connection Limit Exceeded.</h2>\n<table>\n<tr><th>URI:</th><td>/smart-stream</td></tr>\n<tr><th>STATUS:</th><td>429</td></tr>\n<tr><th>MESSAGE:</th><td>Invalid Request. Connection Limit Exceeded.</td></tr>\n<tr><th>SERVLET:</th><td>org.eclipse.jetty.servlet.ServletHandler$Default404Servlet-629e8212</td></tr>\n</table>\n<hr/><a href="https://eclipse.org/jetty">Powered by Jetty:// 11.0.15</a><hr/>\n\n</body>\n</html>\n' - goodbye
2026-03-02 08:56:27,278 | ERROR | error from callback <bound method SmartWebSocketV2._on_close of <SmartApi.smartWebSocketV2.SmartWebSocketV2 object at 0x74c7a38be720>>: SmartWebSocketV2._on_close() takes 2 positional arguments but 4 were given
2026-03-02 08:56:27,278 | ERROR | Connection closed
2026-03-02 08:58:15,546 | INFO | Login Successful
2026-03-02 08:58:16,362 | INFO | Instrument master loaded
2026-03-02 08:58:26,487 | ERROR | Connection closed
2026-03-02 08:58:26,487 | ERROR | Handshake status 429 Too Many Requests -+-+- {'server': 'nginx', 'date': 'Mon, 02 Mar 2026 08:58:26 GMT', 'content-type': 'text/html;charset=iso-8859-1', 'content-length': '615', 'connection': 'keep-alive', 'x-error-message': 'Invalid Request. Connection Limit Exceeded.', 'cache-control': 'must-revalidate,no-cache,no-store', 'strict-transport-security': 'max-age=31536000; includeSubDomains', 'content-security-policy': "default-src 'self';"} -+-+- b'<html>\n<head>\n<meta http-equiv="Content-Type" content="text/html;charset=ISO-8859-1"/>\n<title>Error 429 Invalid Request. Connection Limit Exceeded.</title>\n</head>\n<body><h2>HTTP ERROR 429 Invalid Request. Connection Limit Exceeded.</h2>\n<table>\n<tr><th>URI:</th><td>/smart-stream</td></tr>\n<tr><th>STATUS:</th><td>429</td></tr>\n<tr><th>MESSAGE:</th><td>Invalid Request. Connection Limit Exceeded.</td></tr>\n<tr><th>SERVLET:</th><td>org.eclipse.jetty.servlet.ServletHandler$Default404Servlet-629e8212</td></tr>\n</table>\n<hr/><a href="https://eclipse.org/jetty">Powered by Jetty:// 11.0.15</a><hr/>\n\n</body>\n</html>\n' - goodbye
2026-03-02 08:58:26,487 | ERROR | error from callback <bound method SmartWebSocketV2._on_close of <SmartApi.smartWebSocketV2.SmartWebSocketV2 object at 0x785b6888ef30>>: SmartWebSocketV2._on_close() takes 2 positional arguments but 4 were given
2026-03-02 08:58:26,487 | ERROR | Connection closed
2026-03-02 08:58:26,487 | ERROR | Handshake status 429 Too Many Requests -+-+- {'server': 'nginx', 'date': 'Mon, 02 Mar 2026 08:58:16 GMT', 'content-type': 'text/html;charset=iso-8859-1', 'content-length': '615', 'connection': 'keep-alive', 'x-error-message': 'Invalid Request. Connection Limit Exceeded.', 'cache-control': 'must-revalidate,no-cache,no-store', 'strict-transport-security': 'max-age=31536000; includeSubDomains', 'content-security-policy': "default-src 'self';"} -+-+- b'<html>\n<head>\n<meta http-equiv="Content-Type" content="text/html;charset=ISO-8859-1"/>\n<title>Error 429 Invalid Request. Connection Limit Exceeded.</title>\n</head>\n<body><h2>HTTP ERROR 429 Invalid Request. Connection Limit Exceeded.</h2>\n<table>\n<tr><th>URI:</th><td>/smart-stream</td></tr>\n<tr><th>STATUS:</th><td>429</td></tr>\n<tr><th>MESSAGE:</th><td>Invalid Request. Connection Limit Exceeded.</td></tr>\n<tr><th>SERVLET:</th><td>org.eclipse.jetty.servlet.ServletHandler$Default404Servlet-629e8212</td></tr>\n</table>\n<hr/><a href="https://eclipse.org/jetty">Powered by Jetty:// 11.0.15</a><hr/>\n\n</body>\n</html>\n' - goodbye
2026-03-02 08:58:26,487 | ERROR | error from callback <bound method SmartWebSocketV2._on_close of <SmartApi.smartWebSocketV2.SmartWebSocketV2 object at 0x785b6888ef30>>: SmartWebSocketV2._on_close() takes 2 positional arguments but 4 were given
2026-03-02 08:58:26,488 | ERROR | Connection closed
2026-03-02 09:02:43,372 | INFO | Login Successful
2026-03-02 09:02:44,113 | INFO | Instrument master loaded
2026-03-02 09:03:19,421 | INFO | Login Successful
2026-03-02 09:03:20,223 | INFO | Instrument master loaded
2026-03-02 09:03:32,024 | INFO | Login Successful
2026-03-02 09:03:32,826 | INFO | Instrument master loaded
2026-03-02 09:03:42,936 | ERROR | Connection closed
2026-03-02 09:03:42,937 | ERROR | Handshake status 429 Too Many Requests -+-+- {'server': 'nginx', 'date': 'Mon, 02 Mar 2026 09:03:43 GMT', 'content-type': 'text/html;charset=iso-8859-1', 'content-length': '615', 'connection': 'keep-alive', 'x-error-message': 'Invalid Request. Connection Limit Exceeded.', 'cache-control': 'must-revalidate,no-cache,no-store', 'strict-transport-security': 'max-age=31536000; includeSubDomains', 'content-security-policy': "default-src 'self';"} -+-+- b'<html>\n<head>\n<meta http-equiv="Content-Type" content="text/html;charset=ISO-8859-1"/>\n<title>Error 429 Invalid Request. Connection Limit Exceeded.</title>\n</head>\n<body><h2>HTTP ERROR 429 Invalid Request. Connection Limit Exceeded.</h2>\n<table>\n<tr><th>URI:</th><td>/smart-stream</td></tr>\n<tr><th>STATUS:</th><td>429</td></tr>\n<tr><th>MESSAGE:</th><td>Invalid Request. Connection Limit Exceeded.</td></tr>\n<tr><th>SERVLET:</th><td>org.eclipse.jetty.servlet.ServletHandler$Default404Servlet-629e8212</td></tr>\n</table>\n<hr/><a href="https://eclipse.org/jetty">Powered by Jetty:// 11.0.15</a><hr/>\n\n</body>\n</html>\n' - goodbye
2026-03-02 09:03:42,937 | ERROR | error from callback <bound method SmartWebSocketV2._on_close of <SmartApi.smartWebSocketV2.SmartWebSocketV2 object at 0x7f842441c3b0>>: SmartWebSocketV2._on_close() takes 2 positional arguments but 4 were given
2026-03-02 09:03:42,937 | ERROR | Connection closed
2026-03-02 09:03:42,937 | ERROR | Handshake status 429 Too Many Requests -+-+- {'server': 'nginx', 'date': 'Mon, 02 Mar 2026 09:03:32 GMT', 'content-type': 'text/html;charset=iso-8859-1', 'content-length': '615', 'connection': 'keep-alive', 'x-error-message': 'Invalid Request. Connection Limit Exceeded.', 'cache-control': 'must-revalidate,no-cache,no-store', 'strict-transport-security': 'max-age=31536000; includeSubDomains', 'content-security-policy': "default-src 'self';"} -+-+- b'<html>\n<head>\n<meta http-equiv="Content-Type" content="text/html;charset=ISO-8859-1"/>\n<title>Error 429 Invalid Request. Connection Limit Exceeded.</title>\n</head>\n<body><h2>HTTP ERROR 429 Invalid Request. Connection Limit Exceeded.</h2>\n<table>\n<tr><th>URI:</th><td>/smart-stream</td></tr>\n<tr><th>STATUS:</th><td>429</td></tr>\n<tr><th>MESSAGE:</th><td>Invalid Request. Connection Limit Exceeded.</td></tr>\n<tr><th>SERVLET:</th><td>org.eclipse.jetty.servlet.ServletHandler$Default404Servlet-629e8212</td></tr>\n</table>\n<hr/><a href="https://eclipse.org/jetty">Powered by Jetty:// 11.0.15</a><hr/>\n\n</body>\n</html>\n' - goodbye
2026-03-02 09:03:42,937 | ERROR | error from callback <bound method SmartWebSocketV2._on_close of <SmartApi.smartWebSocketV2.SmartWebSocketV2 object at 0x7f842441c3b0>>: SmartWebSocketV2._on_close() takes 2 positional arguments but 4 were given
2026-03-02 09:03:42,938 | ERROR | Connection closed
2026-03-02 09:05:56,966 | INFO | Login Successful
2026-03-02 09:05:57,737 | INFO | Instrument master loaded
2026-03-02 09:06:08,929 | ERROR | Connection closed
2026-03-02 09:06:08,929 | ERROR | Handshake status 429 Too Many Requests -+-+- {'server': 'nginx', 'date': 'Mon, 02 Mar 2026 09:06:09 GMT', 'content-type': 'text/html;charset=iso-8859-1', 'content-length': '615', 'connection': 'keep-alive', 'x-error-message': 'Invalid Request. Connection Limit Exceeded.', 'cache-control': 'must-revalidate,no-cache,no-store', 'strict-transport-security': 'max-age=31536000; includeSubDomains', 'content-security-policy': "default-src 'self';"} -+-+- b'<html>\n<head>\n<meta http-equiv="Content-Type" content="text/html;charset=ISO-8859-1"/>\n<title>Error 429 Invalid Request. Connection Limit Exceeded.</title>\n</head>\n<body><h2>HTTP ERROR 429 Invalid Request. Connection Limit Exceeded.</h2>\n<table>\n<tr><th>URI:</th><td>/smart-stream</td></tr>\n<tr><th>STATUS:</th><td>429</td></tr>\n<tr><th>MESSAGE:</th><td>Invalid Request. Connection Limit Exceeded.</td></tr>\n<tr><th>SERVLET:</th><td>org.eclipse.jetty.servlet.ServletHandler$Default404Servlet-629e8212</td></tr>\n</table>\n<hr/><a href="https://eclipse.org/jetty">Powered by Jetty:// 11.0.15</a><hr/>\n\n</body>\n</html>\n' - goodbye
2026-03-02 09:06:08,929 | ERROR | error from callback <bound method SmartWebSocketV2._on_close of <SmartApi.smartWebSocketV2.SmartWebSocketV2 object at 0x7b496d39ed50>>: SmartWebSocketV2._on_close() takes 2 positional arguments but 4 were given
2026-03-02 09:06:08,930 | ERROR | Connection closed
2026-03-02 09:06:08,930 | ERROR | Handshake status 429 Too Many Requests -+-+- {'server': 'nginx', 'date': 'Mon, 02 Mar 2026 09:05:58 GMT', 'content-type': 'text/html;charset=iso-8859-1', 'content-length': '615', 'connection': 'keep-alive', 'x-error-message': 'Invalid Request. Connection Limit Exceeded.', 'cache-control': 'must-revalidate,no-cache,no-store', 'strict-transport-security': 'max-age=31536000; includeSubDomains', 'content-security-policy': "default-src 'self';"} -+-+- b'<html>\n<head>\n<meta http-equiv="Content-Type" content="text/html;charset=ISO-8859-1"/>\n<title>Error 429 Invalid Request. Connection Limit Exceeded.</title>\n</head>\n<body><h2>HTTP ERROR 429 Invalid Request. Connection Limit Exceeded.</h2>\n<table>\n<tr><th>URI:</th><td>/smart-stream</td></tr>\n<tr><th>STATUS:</th><td>429</td></tr>\n<tr><th>MESSAGE:</th><td>Invalid Request. Connection Limit Exceeded.</td></tr>\n<tr><th>SERVLET:</th><td>org.eclipse.jetty.servlet.ServletHandler$Default404Servlet-629e8212</td></tr>\n</table>\n<hr/><a href="https://eclipse.org/jetty">Powered by Jetty:// 11.0.15</a><hr/>\n\n</body>\n</html>\n' - goodbye
2026-03-02 09:06:08,930 | ERROR | error from callback <bound method SmartWebSocketV2._on_close of <SmartApi.smartWebSocketV2.SmartWebSocketV2 object at 0x7b496d39ed50>>: SmartWebSocketV2._on_close() takes 2 positional arguments but 4 were given
2026-03-02 09:06:08,930 | ERROR | Connection closed
2026-03-02 09:06:55,774 | INFO | Login Successful
2026-03-02 09:06:56,540 | INFO | Instrument master loaded
2026-03-02 09:07:06,662 | ERROR | Connection closed
2026-03-02 09:07:06,663 | ERROR | Handshake status 429 Too Many Requests -+-+- {'server': 'nginx', 'date': 'Mon, 02 Mar 2026 09:07:06 GMT', 'content-type': 'text/html;charset=iso-8859-1', 'content-length': '615', 'connection': 'keep-alive', 'x-error-message': 'Invalid Request. Connection Limit Exceeded.', 'cache-control': 'must-revalidate,no-cache,no-store', 'strict-transport-security': 'max-age=31536000; includeSubDomains', 'content-security-policy': "default-src 'self';"} -+-+- b'<html>\n<head>\n<meta http-equiv="Content-Type" content="text/html;charset=ISO-8859-1"/>\n<title>Error 429 Invalid Request. Connection Limit Exceeded.</title>\n</head>\n<body><h2>HTTP ERROR 429 Invalid Request. Connection Limit Exceeded.</h2>\n<table>\n<tr><th>URI:</th><td>/smart-stream</td></tr>\n<tr><th>STATUS:</th><td>429</td></tr>\n<tr><th>MESSAGE:</th><td>Invalid Request. Connection Limit Exceeded.</td></tr>\n<tr><th>SERVLET:</th><td>org.eclipse.jetty.servlet.ServletHandler$Default404Servlet-629e8212</td></tr>\n</table>\n<hr/><a href="https://eclipse.org/jetty">Powered by Jetty:// 11.0.15</a><hr/>\n\n</body>\n</html>\n' - goodbye
2026-03-02 09:07:06,663 | ERROR | error from callback <bound method SmartWebSocketV2._on_close of <SmartApi.smartWebSocketV2.SmartWebSocketV2 object at 0x71a5911bfe00>>: SmartWebSocketV2._on_close() takes 2 positional arguments but 4 were given
2026-03-02 09:07:06,663 | ERROR | Connection closed
2026-03-02 09:07:06,663 | ERROR | Handshake status 429 Too Many Requests -+-+- {'server': 'nginx', 'date': 'Mon, 02 Mar 2026 09:06:56 GMT', 'content-type': 'text/html;charset=iso-8859-1', 'content-length': '615', 'connection': 'keep-alive', 'x-error-message': 'Invalid Request. Connection Limit Exceeded.', 'cache-control': 'must-revalidate,no-cache,no-store', 'strict-transport-security': 'max-age=31536000; includeSubDomains', 'content-security-policy': "default-src 'self';"} -+-+- b'<html>\n<head>\n<meta http-equiv="Content-Type" content="text/html;charset=ISO-8859-1"/>\n<title>Error 429 Invalid Request. Connection Limit Exceeded.</title>\n</head>\n<body><h2>HTTP ERROR 429 Invalid Request. Connection Limit Exceeded.</h2>\n<table>\n<tr><th>URI:</th><td>/smart-stream</td></tr>\n<tr><th>STATUS:</th><td>429</td></tr>\n<tr><th>MESSAGE:</th><td>Invalid Request. Connection Limit Exceeded.</td></tr>\n<tr><th>SERVLET:</th><td>org.eclipse.jetty.servlet.ServletHandler$Default404Servlet-629e8212</td></tr>\n</table>\n<hr/><a href="https://eclipse.org/jetty">Powered by Jetty:// 11.0.15</a><hr/>\n\n</body>\n</html>\n' - goodbye
2026-03-02 09:07:06,663 | ERROR | error from callback <bound method SmartWebSocketV2._on_close of <SmartApi.smartWebSocketV2.SmartWebSocketV2 object at 0x71a5911bfe00>>: SmartWebSocketV2._on_close() takes 2 positional arguments but 4 were given
2026-03-02 09:07:06,663 | ERROR | Connection closed
2026-03-16 08:29:54,026 | INFO | Login Successful
2026-03-16 08:29:55,000 | INFO | Instrument master loaded
2026-03-16 08:29:55,112 | INFO | Websocket connected
2026-03-16 08:29:55,113 | INFO | Websocket Connected
2026-03-16 08:30:04,472 | INFO | tearing down on exception 
2026-03-16 08:30:04,478 | ERROR | error from callback <bound method SmartWebSocketV2._on_close of <SmartApi.smartWebSocketV2.SmartWebSocketV2 object at 0x77274ea8b410>>: SmartWebSocketV2._on_close() takes 2 positional arguments but 4 were given
2026-03-16 08:30:04,478 | ERROR | Connection closed
