2026-03-22 23:00:47 [INFO] BankNifty Strategy | PAPER TRADING
2026-03-22 23:00:47 [INFO] Threshold=35  Target=30  SL=40  Lot=30
[I 260322 17:30:47 smartConnect:124] in pool
2026-03-22 23:00:47 [INFO] Generating session...
2026-03-22 23:00:47 [INFO] Session OK  | JWT     : Bearer eyJhbGciOiJIU...
2026-03-22 23:00:47 [INFO]             | FeedTok : eyJhbGciOiJIUzUxMiJ9.eyJ1c2VybmFtZSI6IlMzODc5MDUiLCJpYXQiOjE3NzQyMDA2NDcsImV4cCI6MTc3NDI4NzA0N30.E4LgHh3mIo6UIDs9kun4c3UDd13U43ZDbU8RJAiikWKW-yFPnAMTsQeL6A_-JQ4i6ebPs666RUhL-_z6g6IJ6g
2026-03-22 23:00:48 [INFO] Loaded 50881 NFO instruments
2026-03-22 23:00:48 [INFO] Nearest expiry : 2026-03-30
2026-03-22 23:00:48 [INFO] Connecting WebSocket...
2026-03-22 23:00:48 [INFO] Websocket connected
2026-03-22 23:00:48 [INFO] WebSocket OPEN — subscribing to BankNifty index
2026-03-22 23:09:37 [INFO] BankNifty Strategy | PAPER TRADING
2026-03-22 23:09:37 [INFO] Threshold=35  Target=30  SL=40  Lot=30
[I 260322 17:39:37 smartConnect:124] in pool
2026-03-22 23:09:37 [INFO] Generating session...
2026-03-22 23:09:37 [INFO] Session OK  | JWT     : Bearer eyJhbGciOiJIU...
2026-03-22 23:09:37 [INFO]             | FeedTok : eyJhbGciOiJIUzUxMiJ9.eyJ1c2VybmFtZSI6IlMzODc5MDUiLCJpYXQiOjE3NzQyMDExNzcsImV4cCI6MTc3NDI4NzU3N30.7acQeC7Y19cVBplcqXhP3BlQ1l2U2MMhE7_bj4CuLwABKWcBiVvuwHMVeHQ1RCPywwUVFKtv3OfHrk0d-3IE6A
2026-03-22 23:09:38 [INFO] Loaded 50881 NFO instruments
2026-03-22 23:09:38 [INFO] Nearest expiry : 2026-03-30
2026-03-22 23:09:38 [INFO] Connecting WebSocket...
2026-03-22 23:09:38 [INFO] Websocket connected
2026-03-22 23:09:38 [INFO] WebSocket OPEN — subscribing to BankNifty index
2026-03-23 09:16:56 [INFO] BankNifty Strategy | PAPER TRADING
2026-03-23 09:16:56 [INFO] Threshold=35  Target=30  SL=40  Lot=30
[I 260323 03:46:56 smartConnect:124] in pool
2026-03-23 09:16:56 [INFO] Generating session...
2026-03-23 09:16:56 [INFO] Session OK  | JWT     : Bearer eyJhbGciOiJIU...
2026-03-23 09:16:56 [INFO]             | FeedTok : eyJhbGciOiJIUzUxMiJ9.eyJ1c2VybmFtZSI6IlMzODc5MDUiLCJpYXQiOjE3NzQyMzc2MTYsImV4cCI6MTc3NDMyNDAxNn0.xL2q22doK-aFYrHbh6lpX119lhLYccBNQZSOUoNPrOOcCSfhb89jn0HaQ4ZMwXofuXZqq_zXZJL06XZv2aXcVg
2026-03-23 09:16:57 [INFO] Loaded 50881 NFO instruments
2026-03-23 09:16:57 [INFO] Nearest expiry : 2026-03-30
2026-03-23 09:16:57 [INFO] Connecting WebSocket...
2026-03-23 09:16:57 [INFO] Websocket connected
2026-03-23 09:16:57 [INFO] WebSocket OPEN — subscribing to BankNifty index
2026-03-23 09:16:57 [INFO] New candle @ 09:15 | Open=52134.7
2026-03-23 09:45:00 [INFO] CLOSED: Candle [09:15–09:45] O=52134.7 H=52266.9 L=52110.0 C=52188.9
2026-03-23 09:45:00 [INFO] =======================================================
2026-03-23 09:45:00 [INFO] 30-MIN CANDLE | HIGH=52266.9  LOW=52110.0
2026-03-23 09:45:00 [INFO] PUT  entry if 3-min close ≥ 52301.9
2026-03-23 09:45:00 [INFO] CALL entry if 3-min close ≤ 52075.0
2026-03-23 09:45:00 [INFO] =======================================================
2026-03-23 09:45:00 [INFO] New candle @ 09:45 | Open=52188.9
2026-03-23 09:48:00 [INFO] CLOSED: Candle [09:45–09:48] O=52188.9 H=52192.4 L=52096.1 C=52102.0
2026-03-23 09:48:00 [INFO] New candle @ 09:48 | Open=52102.0
2026-03-23 09:51:00 [INFO] CLOSED: Candle [09:48–09:51] O=52102.0 H=52106.0 L=52038.2 C=52043.1
2026-03-23 09:51:00 [INFO] CALL SIGNAL | close=52043.1 ≤ 30min-low(52110.0) - 35
2026-03-23 09:51:00 [INFO] Entry signal: CALL | BankNifty=52043.1 | Strike=52000
2026-03-23 09:51:00 [ERROR] Option not found: BANKNIFTY 52000 CE exp=2026-03-30
2026-03-23 09:51:00 [ERROR] Instrument not found — CALL skipped
2026-03-23 09:51:00 [INFO] New candle @ 09:51 | Open=52043.1
2026-03-23 09:54:00 [INFO] CLOSED: Candle [09:51–09:54] O=52043.1 H=52063.0 L=52000.2 C=51995.8
2026-03-23 09:54:00 [INFO] CALL SIGNAL | close=51995.8 ≤ 30min-low(52110.0) - 35
2026-03-23 09:54:00 [INFO] Entry signal: CALL | BankNifty=51995.8 | Strike=52000
2026-03-23 09:54:00 [ERROR] Option not found: BANKNIFTY 52000 CE exp=2026-03-30
2026-03-23 09:54:00 [ERROR] Instrument not found — CALL skipped
2026-03-23 09:54:00 [INFO] New candle @ 09:54 | Open=51995.8
2026-03-23 09:57:00 [INFO] CLOSED: Candle [09:54–09:57] O=51995.8 H=51997.0 L=51904.2 C=51907.4
2026-03-23 09:57:00 [INFO] CALL SIGNAL | close=51907.4 ≤ 30min-low(52110.0) - 35
2026-03-23 09:57:00 [INFO] Entry signal: CALL | BankNifty=51907.4 | Strike=51900
2026-03-23 09:57:00 [ERROR] Option not found: BANKNIFTY 51900 CE exp=2026-03-30
2026-03-23 09:57:00 [ERROR] Instrument not found — CALL skipped
2026-03-23 09:57:00 [INFO] New candle @ 09:57 | Open=51907.4
2026-03-23 10:00:00 [INFO] CLOSED: Candle [09:57–10:00] O=51907.4 H=51936.2 L=51838.4 C=51845.8
2026-03-23 10:00:00 [INFO] CALL SIGNAL | close=51845.8 ≤ 30min-low(52110.0) - 35
2026-03-23 10:00:00 [INFO] Entry signal: CALL | BankNifty=51845.8 | Strike=51800
2026-03-23 10:00:00 [ERROR] Option not found: BANKNIFTY 51800 CE exp=2026-03-30
2026-03-23 10:00:00 [ERROR] Instrument not found — CALL skipped
2026-03-23 10:00:00 [INFO] New candle @ 10:00 | Open=51845.8
2026-03-23 10:03:00 [INFO] CLOSED: Candle [10:00–10:03] O=51845.8 H=51866.8 L=51796.3 C=51862.0
2026-03-23 10:03:00 [INFO] CALL SIGNAL | close=51862.0 ≤ 30min-low(52110.0) - 35
2026-03-23 10:03:00 [INFO] Entry signal: CALL | BankNifty=51862.0 | Strike=51900
2026-03-23 10:03:00 [ERROR] Option not found: BANKNIFTY 51900 CE exp=2026-03-30
2026-03-23 10:03:00 [ERROR] Instrument not found — CALL skipped
2026-03-23 10:03:00 [INFO] New candle @ 10:03 | Open=51862.0
2026-03-23 10:06:00 [INFO] CLOSED: Candle [10:03–10:06] O=51862.0 H=51923.2 L=51849.1 C=51910.2
2026-03-23 10:06:00 [INFO] CALL SIGNAL | close=51910.2 ≤ 30min-low(52110.0) - 35
2026-03-23 10:06:00 [INFO] Entry signal: CALL | BankNifty=51910.2 | Strike=51900
2026-03-23 10:06:00 [ERROR] Option not found: BANKNIFTY 51900 CE exp=2026-03-30
2026-03-23 10:06:00 [ERROR] Instrument not found — CALL skipped
2026-03-23 10:06:00 [INFO] New candle @ 10:06 | Open=51910.2
2026-03-23 10:09:00 [INFO] CLOSED: Candle [10:06–10:09] O=51910.2 H=51963.2 L=51883.6 C=51907.8
2026-03-23 10:09:00 [INFO] CALL SIGNAL | close=51907.8 ≤ 30min-low(52110.0) - 35
2026-03-23 10:09:00 [INFO] Entry signal: CALL | BankNifty=51907.8 | Strike=51900
2026-03-23 10:09:00 [ERROR] Option not found: BANKNIFTY 51900 CE exp=2026-03-30
2026-03-23 10:09:00 [ERROR] Instrument not found — CALL skipped
2026-03-23 10:09:00 [INFO] New candle @ 10:09 | Open=51907.8
2026-03-23 10:12:00 [INFO] CLOSED: Candle [10:09–10:12] O=51907.8 H=51910.9 L=51864.1 C=51871.2
2026-03-23 10:12:00 [INFO] CALL SIGNAL | close=51871.2 ≤ 30min-low(52110.0) - 35
2026-03-23 10:12:00 [INFO] Entry signal: CALL | BankNifty=51871.2 | Strike=51900
2026-03-23 10:12:00 [ERROR] Option not found: BANKNIFTY 51900 CE exp=2026-03-30
2026-03-23 10:12:00 [ERROR] Instrument not found — CALL skipped
2026-03-23 10:12:00 [INFO] New candle @ 10:12 | Open=51871.2
2026-03-23 10:15:00 [INFO] CLOSED: Candle [10:12–10:15] O=51871.2 H=51872.7 L=51820.4 C=51825.2
2026-03-23 10:15:00 [INFO] CALL SIGNAL | close=51825.2 ≤ 30min-low(52110.0) - 35
2026-03-23 10:15:00 [INFO] Entry signal: CALL | BankNifty=51825.2 | Strike=51800
2026-03-23 10:15:00 [ERROR] Option not found: BANKNIFTY 51800 CE exp=2026-03-30
2026-03-23 10:15:00 [ERROR] Instrument not found — CALL skipped
2026-03-23 10:15:00 [INFO] New candle @ 10:15 | Open=51825.2
2026-03-23 10:18:00 [INFO] CLOSED: Candle [10:15–10:18] O=51825.2 H=51896.1 L=51806.9 C=51878.8
2026-03-23 10:18:00 [INFO] CALL SIGNAL | close=51878.8 ≤ 30min-low(52110.0) - 35
2026-03-23 10:18:00 [INFO] Entry signal: CALL | BankNifty=51878.8 | Strike=51900
2026-03-23 10:18:00 [ERROR] Option not found: BANKNIFTY 51900 CE exp=2026-03-30
2026-03-23 10:18:00 [ERROR] Instrument not found — CALL skipped
2026-03-23 10:18:00 [INFO] New candle @ 10:18 | Open=51878.8
2026-03-23 10:21:00 [INFO] CLOSED: Candle [10:18–10:21] O=51878.8 H=51878.8 L=51771.6 C=51776.1
2026-03-23 10:21:00 [INFO] CALL SIGNAL | close=51776.1 ≤ 30min-low(52110.0) - 35
2026-03-23 10:21:00 [INFO] Entry signal: CALL | BankNifty=51776.1 | Strike=51800
2026-03-23 10:21:00 [ERROR] Option not found: BANKNIFTY 51800 CE exp=2026-03-30
2026-03-23 10:21:00 [ERROR] Instrument not found — CALL skipped
2026-03-23 10:21:00 [INFO] New candle @ 10:21 | Open=51776.1
2026-03-23 10:24:00 [INFO] CLOSED: Candle [10:21–10:24] O=51776.1 H=51787.7 L=51741.6 C=51777.7
2026-03-23 10:24:00 [INFO] CALL SIGNAL | close=51777.7 ≤ 30min-low(52110.0) - 35
2026-03-23 10:24:00 [INFO] Entry signal: CALL | BankNifty=51777.7 | Strike=51800
2026-03-23 10:24:00 [ERROR] Option not found: BANKNIFTY 51800 CE exp=2026-03-30
2026-03-23 10:24:00 [ERROR] Instrument not found — CALL skipped
2026-03-23 10:24:00 [INFO] New candle @ 10:24 | Open=51777.7
2026-03-23 10:27:00 [INFO] CLOSED: Candle [10:24–10:27] O=51777.7 H=51780.0 L=51728.6 C=51776.1
2026-03-23 10:27:00 [INFO] CALL SIGNAL | close=51776.1 ≤ 30min-low(52110.0) - 35
2026-03-23 10:27:00 [INFO] Entry signal: CALL | BankNifty=51776.1 | Strike=51800
2026-03-23 10:27:00 [ERROR] Option not found: BANKNIFTY 51800 CE exp=2026-03-30
2026-03-23 10:27:00 [ERROR] Instrument not found — CALL skipped
2026-03-23 10:27:00 [INFO] New candle @ 10:27 | Open=51776.1
2026-03-23 10:30:00 [INFO] CLOSED: Candle [10:27–10:30] O=51776.1 H=51787.6 L=51715.6 C=51717.7
2026-03-23 10:30:00 [INFO] CALL SIGNAL | close=51717.7 ≤ 30min-low(52110.0) - 35
2026-03-23 10:30:00 [INFO] Entry signal: CALL | BankNifty=51717.7 | Strike=51700
2026-03-23 10:30:00 [ERROR] Option not found: BANKNIFTY 51700 CE exp=2026-03-30
2026-03-23 10:30:00 [ERROR] Instrument not found — CALL skipped
2026-03-23 10:30:00 [INFO] New candle @ 10:30 | Open=51717.7
2026-03-23 10:33:00 [INFO] CLOSED: Candle [10:30–10:33] O=51717.7 H=51775.8 L=51712.3 C=51770.3
2026-03-23 10:33:00 [INFO] CALL SIGNAL | close=51770.3 ≤ 30min-low(52110.0) - 35
2026-03-23 10:33:00 [INFO] Entry signal: CALL | BankNifty=51770.3 | Strike=51800
2026-03-23 10:33:00 [ERROR] Option not found: BANKNIFTY 51800 CE exp=2026-03-30
2026-03-23 10:33:00 [ERROR] Instrument not found — CALL skipped
2026-03-23 10:33:00 [INFO] New candle @ 10:33 | Open=51770.3
2026-03-23 10:36:00 [INFO] CLOSED: Candle [10:33–10:36] O=51770.3 H=51788.1 L=51730.8 C=51759.2
2026-03-23 10:36:00 [INFO] CALL SIGNAL | close=51759.2 ≤ 30min-low(52110.0) - 35
2026-03-23 10:36:00 [INFO] Entry signal: CALL | BankNifty=51759.2 | Strike=51800
2026-03-23 10:36:00 [ERROR] Option not found: BANKNIFTY 51800 CE exp=2026-03-30
2026-03-23 10:36:00 [ERROR] Instrument not found — CALL skipped
2026-03-23 10:36:00 [INFO] New candle @ 10:36 | Open=51759.2
2026-03-23 10:39:00 [INFO] CLOSED: Candle [10:36–10:39] O=51759.2 H=51842.3 L=51755.7 C=51794.8
2026-03-23 10:39:00 [INFO] CALL SIGNAL | close=51794.8 ≤ 30min-low(52110.0) - 35
2026-03-23 10:39:00 [INFO] Entry signal: CALL | BankNifty=51794.8 | Strike=51800
2026-03-23 10:39:00 [ERROR] Option not found: BANKNIFTY 51800 CE exp=2026-03-30
2026-03-23 10:39:00 [ERROR] Instrument not found — CALL skipped
2026-03-23 10:39:00 [INFO] New candle @ 10:39 | Open=51794.8
2026-03-23 10:42:00 [INFO] CLOSED: Candle [10:39–10:42] O=51794.8 H=51803.9 L=51760.7 C=51780.2
2026-03-23 10:42:00 [INFO] CALL SIGNAL | close=51780.2 ≤ 30min-low(52110.0) - 35
2026-03-23 10:42:00 [INFO] Entry signal: CALL | BankNifty=51780.2 | Strike=51800
2026-03-23 10:42:00 [ERROR] Option not found: BANKNIFTY 51800 CE exp=2026-03-30
2026-03-23 10:42:00 [ERROR] Instrument not found — CALL skipped
2026-03-23 10:42:00 [INFO] New candle @ 10:42 | Open=51780.2
2026-03-23 10:45:00 [INFO] CLOSED: Candle [10:42–10:45] O=51780.2 H=51828.5 L=51757.8 C=51772.8
2026-03-23 10:45:00 [INFO] CALL SIGNAL | close=51772.8 ≤ 30min-low(52110.0) - 35
2026-03-23 10:45:00 [INFO] Entry signal: CALL | BankNifty=51772.8 | Strike=51800
2026-03-23 10:45:00 [ERROR] Option not found: BANKNIFTY 51800 CE exp=2026-03-30
2026-03-23 10:45:00 [ERROR] Instrument not found — CALL skipped
2026-03-23 10:45:00 [INFO] New candle @ 10:45 | Open=51772.8
2026-03-23 10:48:00 [INFO] CLOSED: Candle [10:45–10:48] O=51772.8 H=51789.1 L=51747.8 C=51752.1
2026-03-23 10:48:00 [INFO] CALL SIGNAL | close=51752.1 ≤ 30min-low(52110.0) - 35
2026-03-23 10:48:00 [INFO] Entry signal: CALL | BankNifty=51752.1 | Strike=51800
2026-03-23 10:48:00 [ERROR] Option not found: BANKNIFTY 51800 CE exp=2026-03-30
2026-03-23 10:48:00 [ERROR] Instrument not found — CALL skipped
2026-03-23 10:48:00 [INFO] New candle @ 10:48 | Open=51752.1
2026-03-23 10:51:00 [INFO] CLOSED: Candle [10:48–10:51] O=51752.1 H=51774.6 L=51696.0 C=51700.3
2026-03-23 10:51:00 [INFO] CALL SIGNAL | close=51700.3 ≤ 30min-low(52110.0) - 35
2026-03-23 10:51:00 [INFO] Entry signal: CALL | BankNifty=51700.3 | Strike=51700
2026-03-23 10:51:00 [ERROR] Option not found: BANKNIFTY 51700 CE exp=2026-03-30
2026-03-23 10:51:00 [ERROR] Instrument not found — CALL skipped
2026-03-23 10:51:00 [INFO] New candle @ 10:51 | Open=51700.3
2026-03-23 10:54:00 [INFO] CLOSED: Candle [10:51–10:54] O=51700.3 H=51701.2 L=51640.7 C=51664.5
2026-03-23 10:54:00 [INFO] CALL SIGNAL | close=51664.5 ≤ 30min-low(52110.0) - 35
2026-03-23 10:54:00 [INFO] Entry signal: CALL | BankNifty=51664.5 | Strike=51700
2026-03-23 10:54:00 [ERROR] Option not found: BANKNIFTY 51700 CE exp=2026-03-30
2026-03-23 10:54:00 [ERROR] Instrument not found — CALL skipped
2026-03-23 10:54:00 [INFO] New candle @ 10:54 | Open=51664.5
2026-03-23 10:57:00 [INFO] CLOSED: Candle [10:54–10:57] O=51664.5 H=51689.7 L=51619.6 C=51655.6
2026-03-23 10:57:00 [INFO] CALL SIGNAL | close=51655.6 ≤ 30min-low(52110.0) - 35
2026-03-23 10:57:00 [INFO] Entry signal: CALL | BankNifty=51655.6 | Strike=51700
2026-03-23 10:57:00 [ERROR] Option not found: BANKNIFTY 51700 CE exp=2026-03-30
2026-03-23 10:57:00 [ERROR] Instrument not found — CALL skipped
2026-03-23 10:57:00 [INFO] New candle @ 10:57 | Open=51655.6
2026-03-23 11:00:00 [INFO] CLOSED: Candle [10:57–11:00] O=51655.6 H=51672.3 L=51635.5 C=51658.3
2026-03-23 11:00:00 [INFO] CALL SIGNAL | close=51658.3 ≤ 30min-low(52110.0) - 35
2026-03-23 11:00:00 [INFO] Entry signal: CALL | BankNifty=51658.3 | Strike=51700
2026-03-23 11:00:00 [ERROR] Option not found: BANKNIFTY 51700 CE exp=2026-03-30
2026-03-23 11:00:00 [ERROR] Instrument not found — CALL skipped
2026-03-23 11:00:00 [INFO] New candle @ 11:00 | Open=51658.3
2026-03-23 11:03:00 [INFO] CLOSED: Candle [11:00–11:03] O=51658.3 H=51660.7 L=51569.8 C=51591.8
2026-03-23 11:03:00 [INFO] CALL SIGNAL | close=51591.8 ≤ 30min-low(52110.0) - 35
2026-03-23 11:03:00 [INFO] Entry signal: CALL | BankNifty=51591.8 | Strike=51600
2026-03-23 11:03:00 [ERROR] Option not found: BANKNIFTY 51600 CE exp=2026-03-30
2026-03-23 11:03:00 [ERROR] Instrument not found — CALL skipped
2026-03-23 11:03:00 [INFO] New candle @ 11:03 | Open=51591.8
2026-03-23 11:06:00 [INFO] CLOSED: Candle [11:03–11:06] O=51591.8 H=51656.9 L=51591.8 C=51648.6
2026-03-23 11:06:00 [INFO] CALL SIGNAL | close=51648.6 ≤ 30min-low(52110.0) - 35
2026-03-23 11:06:00 [INFO] Entry signal: CALL | BankNifty=51648.6 | Strike=51600
2026-03-23 11:06:00 [ERROR] Option not found: BANKNIFTY 51600 CE exp=2026-03-30
2026-03-23 11:06:00 [ERROR] Instrument not found — CALL skipped
2026-03-23 11:06:00 [INFO] New candle @ 11:06 | Open=51648.6
2026-03-23 11:09:00 [INFO] CLOSED: Candle [11:06–11:09] O=51648.6 H=51783.3 L=51628.2 C=51746.8
2026-03-23 11:09:00 [INFO] CALL SIGNAL | close=51746.8 ≤ 30min-low(52110.0) - 35
2026-03-23 11:09:00 [INFO] Entry signal: CALL | BankNifty=51746.8 | Strike=51700
2026-03-23 11:09:00 [ERROR] Option not found: BANKNIFTY 51700 CE exp=2026-03-30
2026-03-23 11:09:00 [ERROR] Instrument not found — CALL skipped
2026-03-23 11:09:00 [INFO] New candle @ 11:09 | Open=51746.8
2026-03-23 11:12:00 [INFO] CLOSED: Candle [11:09–11:12] O=51746.8 H=51751.2 L=51709.8 C=51725.9
2026-03-23 11:12:00 [INFO] CALL SIGNAL | close=51725.9 ≤ 30min-low(52110.0) - 35
2026-03-23 11:12:00 [INFO] Entry signal: CALL | BankNifty=51725.9 | Strike=51700
2026-03-23 11:12:00 [ERROR] Option not found: BANKNIFTY 51700 CE exp=2026-03-30
2026-03-23 11:12:00 [ERROR] Instrument not found — CALL skipped
2026-03-23 11:12:00 [INFO] New candle @ 11:12 | Open=51725.9
2026-03-23 11:15:00 [INFO] CLOSED: Candle [11:12–11:15] O=51725.9 H=51760.8 L=51709.5 C=51748.8
2026-03-23 11:15:00 [INFO] CALL SIGNAL | close=51748.8 ≤ 30min-low(52110.0) - 35
2026-03-23 11:15:00 [INFO] Entry signal: CALL | BankNifty=51748.8 | Strike=51700
2026-03-23 11:15:00 [ERROR] Option not found: BANKNIFTY 51700 CE exp=2026-03-30
2026-03-23 11:15:00 [ERROR] Instrument not found — CALL skipped
2026-03-23 11:15:00 [INFO] New candle @ 11:15 | Open=51748.8
2026-03-23 11:18:00 [INFO] CLOSED: Candle [11:15–11:18] O=51748.8 H=51748.8 L=51697.9 C=51715.8
2026-03-23 11:18:00 [INFO] CALL SIGNAL | close=51715.8 ≤ 30min-low(52110.0) - 35
2026-03-23 11:18:00 [INFO] Entry signal: CALL | BankNifty=51715.8 | Strike=51700
2026-03-23 11:18:00 [ERROR] Option not found: BANKNIFTY 51700 CE exp=2026-03-30
2026-03-23 11:18:00 [ERROR] Instrument not found — CALL skipped
2026-03-23 11:18:00 [INFO] New candle @ 11:18 | Open=51715.8
2026-03-23 11:21:00 [INFO] CLOSED: Candle [11:18–11:21] O=51715.8 H=51792.8 L=51699.9 C=51791.6
2026-03-23 11:21:00 [INFO] CALL SIGNAL | close=51791.6 ≤ 30min-low(52110.0) - 35
2026-03-23 11:21:00 [INFO] Entry signal: CALL | BankNifty=51791.6 | Strike=51800
2026-03-23 11:21:00 [ERROR] Option not found: BANKNIFTY 51800 CE exp=2026-03-30
2026-03-23 11:21:00 [ERROR] Instrument not found — CALL skipped
2026-03-23 11:21:00 [INFO] New candle @ 11:21 | Open=51791.6
2026-03-23 11:24:00 [INFO] CLOSED: Candle [11:21–11:24] O=51791.6 H=51791.6 L=51714.2 C=51778.8
2026-03-23 11:24:00 [INFO] CALL SIGNAL | close=51778.8 ≤ 30min-low(52110.0) - 35
2026-03-23 11:24:00 [INFO] Entry signal: CALL | BankNifty=51778.8 | Strike=51800
2026-03-23 11:24:00 [ERROR] Option not found: BANKNIFTY 51800 CE exp=2026-03-30
2026-03-23 11:24:00 [ERROR] Instrument not found — CALL skipped
2026-03-23 11:24:00 [INFO] New candle @ 11:24 | Open=51778.8
2026-03-23 11:27:00 [INFO] CLOSED: Candle [11:24–11:27] O=51778.8 H=51797.3 L=51746.2 C=51787.8
2026-03-23 11:27:00 [INFO] CALL SIGNAL | close=51787.8 ≤ 30min-low(52110.0) - 35
2026-03-23 11:27:00 [INFO] Entry signal: CALL | BankNifty=51787.8 | Strike=51800
2026-03-23 11:27:00 [ERROR] Option not found: BANKNIFTY 51800 CE exp=2026-03-30
2026-03-23 11:27:00 [ERROR] Instrument not found — CALL skipped
2026-03-23 11:27:00 [INFO] New candle @ 11:27 | Open=51787.8
2026-03-23 11:30:00 [INFO] CLOSED: Candle [11:27–11:30] O=51787.8 H=51795.8 L=51741.6 C=51786.8
2026-03-23 11:30:00 [INFO] CALL SIGNAL | close=51786.8 ≤ 30min-low(52110.0) - 35
2026-03-23 11:30:00 [INFO] Entry signal: CALL | BankNifty=51786.8 | Strike=51800
2026-03-23 11:30:00 [ERROR] Option not found: BANKNIFTY 51800 CE exp=2026-03-30
2026-03-23 11:30:00 [ERROR] Instrument not found — CALL skipped
2026-03-23 11:30:00 [INFO] New candle @ 11:30 | Open=51786.8
2026-03-23 11:33:00 [INFO] CLOSED: Candle [11:30–11:33] O=51786.8 H=51817.8 L=51742.6 C=51743.1
2026-03-23 11:33:00 [INFO] CALL SIGNAL | close=51743.1 ≤ 30min-low(52110.0) - 35
2026-03-23 11:33:00 [INFO] Entry signal: CALL | BankNifty=51743.1 | Strike=51700
2026-03-23 11:33:00 [ERROR] Option not found: BANKNIFTY 51700 CE exp=2026-03-30
2026-03-23 11:33:00 [ERROR] Instrument not found — CALL skipped
2026-03-23 11:33:00 [INFO] New candle @ 11:33 | Open=51743.1
2026-03-23 11:36:00 [INFO] CLOSED: Candle [11:33–11:36] O=51743.1 H=51754.0 L=51651.0 C=51653.6
2026-03-23 11:36:00 [INFO] CALL SIGNAL | close=51653.6 ≤ 30min-low(52110.0) - 35
2026-03-23 11:36:00 [INFO] Entry signal: CALL | BankNifty=51653.6 | Strike=51700
2026-03-23 11:36:00 [ERROR] Option not found: BANKNIFTY 51700 CE exp=2026-03-30
2026-03-23 11:36:00 [ERROR] Instrument not found — CALL skipped
2026-03-23 11:36:00 [INFO] New candle @ 11:36 | Open=51653.6
2026-03-23 11:39:00 [INFO] CLOSED: Candle [11:36–11:39] O=51653.6 H=51667.0 L=51642.4 C=51662.6
2026-03-23 11:39:00 [INFO] CALL SIGNAL | close=51662.6 ≤ 30min-low(52110.0) - 35
2026-03-23 11:39:00 [INFO] Entry signal: CALL | BankNifty=51662.6 | Strike=51700
2026-03-23 11:39:00 [ERROR] Option not found: BANKNIFTY 51700 CE exp=2026-03-30
2026-03-23 11:39:00 [ERROR] Instrument not found — CALL skipped
2026-03-23 11:39:00 [INFO] New candle @ 11:39 | Open=51662.6
2026-03-23 11:42:00 [INFO] CLOSED: Candle [11:39–11:42] O=51662.6 H=51760.3 L=51662.6 C=51736.0
2026-03-23 11:42:00 [INFO] CALL SIGNAL | close=51736.0 ≤ 30min-low(52110.0) - 35
2026-03-23 11:42:00 [INFO] Entry signal: CALL | BankNifty=51736.0 | Strike=51700
2026-03-23 11:42:00 [ERROR] Option not found: BANKNIFTY 51700 CE exp=2026-03-30
2026-03-23 11:42:00 [ERROR] Instrument not found — CALL skipped
2026-03-23 11:42:00 [INFO] New candle @ 11:42 | Open=51736.0
2026-03-23 11:45:00 [INFO] CLOSED: Candle [11:42–11:45] O=51736.0 H=51738.7 L=51632.1 C=51662.3
2026-03-23 11:45:00 [INFO] CALL SIGNAL | close=51662.3 ≤ 30min-low(52110.0) - 35
2026-03-23 11:45:00 [INFO] Entry signal: CALL | BankNifty=51662.3 | Strike=51700
2026-03-23 11:45:00 [ERROR] Option not found: BANKNIFTY 51700 CE exp=2026-03-30
2026-03-23 11:45:00 [ERROR] Instrument not found — CALL skipped
2026-03-23 11:45:00 [INFO] New candle @ 11:45 | Open=51662.3
2026-03-23 11:48:00 [INFO] CLOSED: Candle [11:45–11:48] O=51662.3 H=51700.3 L=51651.0 C=51658.8
2026-03-23 11:48:00 [INFO] CALL SIGNAL | close=51658.8 ≤ 30min-low(52110.0) - 35
2026-03-23 11:48:00 [INFO] Entry signal: CALL | BankNifty=51658.8 | Strike=51700
2026-03-23 11:48:00 [ERROR] Option not found: BANKNIFTY 51700 CE exp=2026-03-30
2026-03-23 11:48:00 [ERROR] Instrument not found — CALL skipped
2026-03-23 11:48:00 [INFO] New candle @ 11:48 | Open=51658.8
2026-03-23 11:51:00 [INFO] CLOSED: Candle [11:48–11:51] O=51658.8 H=51708.5 L=51658.6 C=51705.9
2026-03-23 11:51:00 [INFO] CALL SIGNAL | close=51705.9 ≤ 30min-low(52110.0) - 35
2026-03-23 11:51:00 [INFO] Entry signal: CALL | BankNifty=51705.9 | Strike=51700
2026-03-23 11:51:00 [ERROR] Option not found: BANKNIFTY 51700 CE exp=2026-03-30
2026-03-23 11:51:00 [ERROR] Instrument not found — CALL skipped
2026-03-23 11:51:00 [INFO] New candle @ 11:51 | Open=51705.9
2026-03-23 11:54:00 [INFO] CLOSED: Candle [11:51–11:54] O=51705.9 H=51790.8 L=51704.3 C=51757.2
2026-03-23 11:54:00 [INFO] CALL SIGNAL | close=51757.2 ≤ 30min-low(52110.0) - 35
2026-03-23 11:54:00 [INFO] Entry signal: CALL | BankNifty=51757.2 | Strike=51800
2026-03-23 11:54:00 [ERROR] Option not found: BANKNIFTY 51800 CE exp=2026-03-30
2026-03-23 11:54:00 [ERROR] Instrument not found — CALL skipped
2026-03-23 11:54:00 [INFO] New candle @ 11:54 | Open=51757.2
2026-03-23 11:57:00 [INFO] CLOSED: Candle [11:54–11:57] O=51757.2 H=51765.0 L=51722.8 C=51732.1
2026-03-23 11:57:00 [INFO] CALL SIGNAL | close=51732.1 ≤ 30min-low(52110.0) - 35
2026-03-23 11:57:00 [INFO] Entry signal: CALL | BankNifty=51732.1 | Strike=51700
2026-03-23 11:57:00 [ERROR] Option not found: BANKNIFTY 51700 CE exp=2026-03-30
2026-03-23 11:57:00 [ERROR] Instrument not found — CALL skipped
2026-03-23 11:57:00 [INFO] New candle @ 11:57 | Open=51732.1
2026-03-23 12:00:00 [INFO] CLOSED: Candle [11:57–12:00] O=51732.1 H=51773.2 L=51711.2 C=51743.1
2026-03-23 12:00:00 [INFO] CALL SIGNAL | close=51743.1 ≤ 30min-low(52110.0) - 35
2026-03-23 12:00:00 [INFO] Entry signal: CALL | BankNifty=51743.1 | Strike=51700
2026-03-23 12:00:00 [ERROR] Option not found: BANKNIFTY 51700 CE exp=2026-03-30
2026-03-23 12:00:00 [ERROR] Instrument not found — CALL skipped
2026-03-23 12:00:00 [INFO] New candle @ 12:00 | Open=51743.1
2026-03-23 12:03:00 [INFO] CLOSED: Candle [12:00–12:03] O=51743.1 H=51765.5 L=51712.4 C=51763.4
2026-03-23 12:03:00 [INFO] CALL SIGNAL | close=51763.4 ≤ 30min-low(52110.0) - 35
2026-03-23 12:03:00 [INFO] Entry signal: CALL | BankNifty=51763.4 | Strike=51800
2026-03-23 12:03:00 [ERROR] Option not found: BANKNIFTY 51800 CE exp=2026-03-30
2026-03-23 12:03:00 [ERROR] Instrument not found — CALL skipped
2026-03-23 12:03:00 [INFO] New candle @ 12:03 | Open=51763.4
2026-03-23 12:06:00 [INFO] CLOSED: Candle [12:03–12:06] O=51763.4 H=51780.9 L=51699.2 C=51716.6
2026-03-23 12:06:00 [INFO] CALL SIGNAL | close=51716.6 ≤ 30min-low(52110.0) - 35
2026-03-23 12:06:00 [INFO] Entry signal: CALL | BankNifty=51716.6 | Strike=51700
2026-03-23 12:06:00 [ERROR] Option not found: BANKNIFTY 51700 CE exp=2026-03-30
2026-03-23 12:06:00 [ERROR] Instrument not found — CALL skipped
2026-03-23 12:06:00 [INFO] New candle @ 12:06 | Open=51716.6
2026-03-23 12:09:00 [INFO] CLOSED: Candle [12:06–12:09] O=51716.6 H=51731.1 L=51673.2 C=51693.5
2026-03-23 12:09:00 [INFO] CALL SIGNAL | close=51693.5 ≤ 30min-low(52110.0) - 35
2026-03-23 12:09:00 [INFO] Entry signal: CALL | BankNifty=51693.5 | Strike=51700
2026-03-23 12:09:00 [ERROR] Option not found: BANKNIFTY 51700 CE exp=2026-03-30
2026-03-23 12:09:00 [ERROR] Instrument not found — CALL skipped
2026-03-23 12:09:00 [INFO] New candle @ 12:09 | Open=51693.5
2026-03-23 12:12:00 [INFO] CLOSED: Candle [12:09–12:12] O=51693.5 H=51767.9 L=51693.5 C=51756.8
2026-03-23 12:12:00 [INFO] CALL SIGNAL | close=51756.8 ≤ 30min-low(52110.0) - 35
2026-03-23 12:12:00 [INFO] Entry signal: CALL | BankNifty=51756.8 | Strike=51800
2026-03-23 12:12:00 [ERROR] Option not found: BANKNIFTY 51800 CE exp=2026-03-30
2026-03-23 12:12:00 [ERROR] Instrument not found — CALL skipped
2026-03-23 12:12:00 [INFO] New candle @ 12:12 | Open=51756.8
2026-03-23 12:15:00 [INFO] CLOSED: Candle [12:12–12:15] O=51756.8 H=51759.2 L=51703.2 C=51706.7
2026-03-23 12:15:00 [INFO] CALL SIGNAL | close=51706.7 ≤ 30min-low(52110.0) - 35
2026-03-23 12:15:00 [INFO] Entry signal: CALL | BankNifty=51706.7 | Strike=51700
2026-03-23 12:15:00 [ERROR] Option not found: BANKNIFTY 51700 CE exp=2026-03-30
2026-03-23 12:15:00 [ERROR] Instrument not found — CALL skipped
2026-03-23 12:15:00 [INFO] New candle @ 12:15 | Open=51706.7
2026-03-23 12:18:00 [INFO] CLOSED: Candle [12:15–12:18] O=51706.7 H=51715.1 L=51664.4 C=51707.7
2026-03-23 12:18:00 [INFO] CALL SIGNAL | close=51707.7 ≤ 30min-low(52110.0) - 35
2026-03-23 12:18:00 [INFO] Entry signal: CALL | BankNifty=51707.7 | Strike=51700
2026-03-23 12:18:00 [ERROR] Option not found: BANKNIFTY 51700 CE exp=2026-03-30
2026-03-23 12:18:00 [ERROR] Instrument not found — CALL skipped
2026-03-23 12:18:00 [INFO] New candle @ 12:18 | Open=51707.7
2026-03-23 12:21:00 [INFO] CLOSED: Candle [12:18–12:21] O=51707.7 H=51707.7 L=51659.1 C=51692.7
2026-03-23 12:21:00 [INFO] CALL SIGNAL | close=51692.7 ≤ 30min-low(52110.0) - 35
2026-03-23 12:21:00 [INFO] Entry signal: CALL | BankNifty=51692.7 | Strike=51700
2026-03-23 12:21:00 [ERROR] Option not found: BANKNIFTY 51700 CE exp=2026-03-30
2026-03-23 12:21:00 [ERROR] Instrument not found — CALL skipped
2026-03-23 12:21:00 [INFO] New candle @ 12:21 | Open=51692.7
2026-03-23 12:24:00 [INFO] CLOSED: Candle [12:21–12:24] O=51692.7 H=51715.3 L=51664.8 C=51694.9
2026-03-23 12:24:00 [INFO] CALL SIGNAL | close=51694.9 ≤ 30min-low(52110.0) - 35
2026-03-23 12:24:00 [INFO] Entry signal: CALL | BankNifty=51694.9 | Strike=51700
2026-03-23 12:24:00 [ERROR] Option not found: BANKNIFTY 51700 CE exp=2026-03-30
2026-03-23 12:24:00 [ERROR] Instrument not found — CALL skipped
2026-03-23 12:24:00 [INFO] New candle @ 12:24 | Open=51694.9
2026-03-23 12:27:00 [INFO] CLOSED: Candle [12:24–12:27] O=51694.9 H=51698.7 L=51602.5 C=51609.6
2026-03-23 12:27:00 [INFO] CALL SIGNAL | close=51609.6 ≤ 30min-low(52110.0) - 35
2026-03-23 12:27:00 [INFO] Entry signal: CALL | BankNifty=51609.6 | Strike=51600
2026-03-23 12:27:00 [ERROR] Option not found: BANKNIFTY 51600 CE exp=2026-03-30
2026-03-23 12:27:00 [ERROR] Instrument not found — CALL skipped
2026-03-23 12:27:00 [INFO] New candle @ 12:27 | Open=51609.6
2026-03-23 12:30:00 [INFO] CLOSED: Candle [12:27–12:30] O=51609.6 H=51725.0 L=51609.6 C=51714.6
2026-03-23 12:30:00 [INFO] CALL SIGNAL | close=51714.6 ≤ 30min-low(52110.0) - 35
2026-03-23 12:30:00 [INFO] Entry signal: CALL | BankNifty=51714.6 | Strike=51700
2026-03-23 12:30:00 [ERROR] Option not found: BANKNIFTY 51700 CE exp=2026-03-30
2026-03-23 12:30:00 [ERROR] Instrument not found — CALL skipped
2026-03-23 12:30:00 [INFO] New candle @ 12:30 | Open=51714.6
2026-03-23 12:33:00 [INFO] CLOSED: Candle [12:30–12:33] O=51714.6 H=51730.7 L=51667.8 C=51675.4
2026-03-23 12:33:00 [INFO] CALL SIGNAL | close=51675.4 ≤ 30min-low(52110.0) - 35
2026-03-23 12:33:00 [INFO] Entry signal: CALL | BankNifty=51675.4 | Strike=51700
2026-03-23 12:33:00 [ERROR] Option not found: BANKNIFTY 51700 CE exp=2026-03-30
2026-03-23 12:33:00 [ERROR] Instrument not found — CALL skipped
2026-03-23 12:33:00 [INFO] New candle @ 12:33 | Open=51675.4
2026-03-23 12:36:00 [INFO] CLOSED: Candle [12:33–12:36] O=51675.4 H=51748.7 L=51673.5 C=51750.4
2026-03-23 12:36:00 [INFO] CALL SIGNAL | close=51750.4 ≤ 30min-low(52110.0) - 35
2026-03-23 12:36:00 [INFO] Entry signal: CALL | BankNifty=51750.4 | Strike=51800
2026-03-23 12:36:00 [ERROR] Option not found: BANKNIFTY 51800 CE exp=2026-03-30
2026-03-23 12:36:00 [ERROR] Instrument not found — CALL skipped
2026-03-23 12:36:00 [INFO] New candle @ 12:36 | Open=51750.4
2026-03-23 12:39:00 [INFO] CLOSED: Candle [12:36–12:39] O=51750.4 H=51806.8 L=51713.9 C=51767.8
2026-03-23 12:39:00 [INFO] CALL SIGNAL | close=51767.8 ≤ 30min-low(52110.0) - 35
2026-03-23 12:39:00 [INFO] Entry signal: CALL | BankNifty=51767.8 | Strike=51800
2026-03-23 12:39:00 [ERROR] Option not found: BANKNIFTY 51800 CE exp=2026-03-30
2026-03-23 12:39:00 [ERROR] Instrument not found — CALL skipped
2026-03-23 12:39:00 [INFO] New candle @ 12:39 | Open=51767.8
2026-03-23 12:42:00 [INFO] CLOSED: Candle [12:39–12:42] O=51767.8 H=51779.1 L=51736.7 C=51761.4
2026-03-23 12:42:00 [INFO] CALL SIGNAL | close=51761.4 ≤ 30min-low(52110.0) - 35
2026-03-23 12:42:00 [INFO] Entry signal: CALL | BankNifty=51761.4 | Strike=51800
2026-03-23 12:42:00 [ERROR] Option not found: BANKNIFTY 51800 CE exp=2026-03-30
2026-03-23 12:42:00 [ERROR] Instrument not found — CALL skipped
2026-03-23 12:42:00 [INFO] New candle @ 12:42 | Open=51761.4
2026-03-23 12:45:00 [INFO] CLOSED: Candle [12:42–12:45] O=51761.4 H=51761.8 L=51672.7 C=51730.6
2026-03-23 12:45:00 [INFO] CALL SIGNAL | close=51730.6 ≤ 30min-low(52110.0) - 35
2026-03-23 12:45:00 [INFO] Entry signal: CALL | BankNifty=51730.6 | Strike=51700
2026-03-23 12:45:00 [ERROR] Option not found: BANKNIFTY 51700 CE exp=2026-03-30
2026-03-23 12:45:00 [ERROR] Instrument not found — CALL skipped
2026-03-23 12:45:00 [INFO] New candle @ 12:45 | Open=51730.6
2026-03-23 12:48:00 [INFO] CLOSED: Candle [12:45–12:48] O=51730.6 H=51789.4 L=51699.6 C=51756.7
2026-03-23 12:48:00 [INFO] CALL SIGNAL | close=51756.7 ≤ 30min-low(52110.0) - 35
2026-03-23 12:48:00 [INFO] Entry signal: CALL | BankNifty=51756.7 | Strike=51800
2026-03-23 12:48:00 [ERROR] Option not found: BANKNIFTY 51800 CE exp=2026-03-30
2026-03-23 12:48:00 [ERROR] Instrument not found — CALL skipped
2026-03-23 12:48:00 [INFO] New candle @ 12:48 | Open=51756.7
2026-03-23 12:51:00 [INFO] CLOSED: Candle [12:48–12:51] O=51756.7 H=51761.9 L=51705.8 C=51720.4
2026-03-23 12:51:00 [INFO] CALL SIGNAL | close=51720.4 ≤ 30min-low(52110.0) - 35
2026-03-23 12:51:00 [INFO] Entry signal: CALL | BankNifty=51720.4 | Strike=51700
2026-03-23 12:51:00 [ERROR] Option not found: BANKNIFTY 51700 CE exp=2026-03-30
2026-03-23 12:51:00 [ERROR] Instrument not found — CALL skipped
2026-03-23 12:51:00 [INFO] New candle @ 12:51 | Open=51720.4
2026-03-23 12:54:00 [INFO] CLOSED: Candle [12:51–12:54] O=51720.4 H=51757.2 L=51671.2 C=51675.4
2026-03-23 12:54:00 [INFO] CALL SIGNAL | close=51675.4 ≤ 30min-low(52110.0) - 35
2026-03-23 12:54:00 [INFO] Entry signal: CALL | BankNifty=51675.4 | Strike=51700
2026-03-23 12:54:00 [ERROR] Option not found: BANKNIFTY 51700 CE exp=2026-03-30
2026-03-23 12:54:00 [ERROR] Instrument not found — CALL skipped
2026-03-23 12:54:00 [INFO] New candle @ 12:54 | Open=51675.4
2026-03-23 12:57:00 [INFO] CLOSED: Candle [12:54–12:57] O=51675.4 H=51677.2 L=51595.3 C=51614.0
2026-03-23 12:57:00 [INFO] CALL SIGNAL | close=51614.0 ≤ 30min-low(52110.0) - 35
2026-03-23 12:57:00 [INFO] Entry signal: CALL | BankNifty=51614.0 | Strike=51600
2026-03-23 12:57:00 [ERROR] Option not found: BANKNIFTY 51600 CE exp=2026-03-30
2026-03-23 12:57:00 [ERROR] Instrument not found — CALL skipped
2026-03-23 12:57:00 [INFO] New candle @ 12:57 | Open=51614.0
2026-03-23 13:00:00 [INFO] CLOSED: Candle [12:57–13:00] O=51614.0 H=51652.5 L=51593.9 C=51647.4
2026-03-23 13:00:00 [INFO] CALL SIGNAL | close=51647.4 ≤ 30min-low(52110.0) - 35
2026-03-23 13:00:00 [INFO] Entry signal: CALL | BankNifty=51647.4 | Strike=51600
2026-03-23 13:00:00 [ERROR] Option not found: BANKNIFTY 51600 CE exp=2026-03-30
2026-03-23 13:00:00 [ERROR] Instrument not found — CALL skipped
2026-03-23 13:00:00 [INFO] New candle @ 13:00 | Open=51647.4
2026-03-23 13:03:00 [INFO] CLOSED: Candle [13:00–13:03] O=51647.4 H=51653.5 L=51609.8 C=51622.3
2026-03-23 13:03:00 [INFO] CALL SIGNAL | close=51622.3 ≤ 30min-low(52110.0) - 35
2026-03-23 13:03:00 [INFO] Entry signal: CALL | BankNifty=51622.3 | Strike=51600
2026-03-23 13:03:00 [ERROR] Option not found: BANKNIFTY 51600 CE exp=2026-03-30
2026-03-23 13:03:00 [ERROR] Instrument not found — CALL skipped
2026-03-23 13:03:00 [INFO] New candle @ 13:03 | Open=51622.3
2026-03-23 13:06:00 [INFO] CLOSED: Candle [13:03–13:06] O=51622.3 H=51639.6 L=51599.2 C=51610.1
2026-03-23 13:06:00 [INFO] CALL SIGNAL | close=51610.1 ≤ 30min-low(52110.0) - 35
2026-03-23 13:06:00 [INFO] Entry signal: CALL | BankNifty=51610.1 | Strike=51600
2026-03-23 13:06:00 [ERROR] Option not found: BANKNIFTY 51600 CE exp=2026-03-30
2026-03-23 13:06:00 [ERROR] Instrument not found — CALL skipped
2026-03-23 13:06:00 [INFO] New candle @ 13:06 | Open=51610.1
2026-03-23 13:09:00 [INFO] CLOSED: Candle [13:06–13:09] O=51610.1 H=51669.1 L=51598.1 C=51667.2
2026-03-23 13:09:00 [INFO] CALL SIGNAL | close=51667.2 ≤ 30min-low(52110.0) - 35
2026-03-23 13:09:00 [INFO] Entry signal: CALL | BankNifty=51667.2 | Strike=51700
2026-03-23 13:09:00 [ERROR] Option not found: BANKNIFTY 51700 CE exp=2026-03-30
2026-03-23 13:09:00 [ERROR] Instrument not found — CALL skipped
2026-03-23 13:09:00 [INFO] New candle @ 13:09 | Open=51667.2
2026-03-23 13:12:00 [INFO] CLOSED: Candle [13:09–13:12] O=51667.2 H=51684.9 L=51588.7 C=51598.2
2026-03-23 13:12:00 [INFO] CALL SIGNAL | close=51598.2 ≤ 30min-low(52110.0) - 35
2026-03-23 13:12:00 [INFO] Entry signal: CALL | BankNifty=51598.2 | Strike=51600
2026-03-23 13:12:00 [ERROR] Option not found: BANKNIFTY 51600 CE exp=2026-03-30
2026-03-23 13:12:00 [ERROR] Instrument not found — CALL skipped
2026-03-23 13:12:00 [INFO] New candle @ 13:12 | Open=51598.2
2026-03-23 13:15:00 [INFO] CLOSED: Candle [13:12–13:15] O=51598.2 H=51611.6 L=51557.3 C=51608.0
2026-03-23 13:15:00 [INFO] CALL SIGNAL | close=51608.0 ≤ 30min-low(52110.0) - 35
2026-03-23 13:15:00 [INFO] Entry signal: CALL | BankNifty=51608.0 | Strike=51600
2026-03-23 13:15:00 [ERROR] Option not found: BANKNIFTY 51600 CE exp=2026-03-30
2026-03-23 13:15:00 [ERROR] Instrument not found — CALL skipped
2026-03-23 13:15:00 [INFO] New candle @ 13:15 | Open=51608.0
2026-03-23 13:18:00 [INFO] CLOSED: Candle [13:15–13:18] O=51608.0 H=51672.3 L=51607.5 C=51632.4
2026-03-23 13:18:00 [INFO] CALL SIGNAL | close=51632.4 ≤ 30min-low(52110.0) - 35
2026-03-23 13:18:00 [INFO] Entry signal: CALL | BankNifty=51632.4 | Strike=51600
2026-03-23 13:18:00 [ERROR] Option not found: BANKNIFTY 51600 CE exp=2026-03-30
2026-03-23 13:18:00 [ERROR] Instrument not found — CALL skipped
2026-03-23 13:18:00 [INFO] New candle @ 13:18 | Open=51632.4
2026-03-23 13:21:00 [INFO] CLOSED: Candle [13:18–13:21] O=51632.4 H=51653.1 L=51597.3 C=51615.6
2026-03-23 13:21:00 [INFO] CALL SIGNAL | close=51615.6 ≤ 30min-low(52110.0) - 35
2026-03-23 13:21:00 [INFO] Entry signal: CALL | BankNifty=51615.6 | Strike=51600
2026-03-23 13:21:00 [ERROR] Option not found: BANKNIFTY 51600 CE exp=2026-03-30
2026-03-23 13:21:00 [ERROR] Instrument not found — CALL skipped
2026-03-23 13:21:00 [INFO] New candle @ 13:21 | Open=51615.6
2026-03-23 13:24:00 [INFO] CLOSED: Candle [13:21–13:24] O=51615.6 H=51679.9 L=51615.6 C=51642.4
2026-03-23 13:24:00 [INFO] CALL SIGNAL | close=51642.4 ≤ 30min-low(52110.0) - 35
2026-03-23 13:24:00 [INFO] Entry signal: CALL | BankNifty=51642.4 | Strike=51600
2026-03-23 13:24:00 [ERROR] Option not found: BANKNIFTY 51600 CE exp=2026-03-30
2026-03-23 13:24:00 [ERROR] Instrument not found — CALL skipped
2026-03-23 13:24:00 [INFO] New candle @ 13:24 | Open=51642.4
2026-03-23 13:27:00 [INFO] CLOSED: Candle [13:24–13:27] O=51642.4 H=51686.9 L=51618.9 C=51680.9
2026-03-23 13:27:00 [INFO] CALL SIGNAL | close=51680.9 ≤ 30min-low(52110.0) - 35
2026-03-23 13:27:00 [INFO] Entry signal: CALL | BankNifty=51680.9 | Strike=51700
2026-03-23 13:27:00 [ERROR] Option not found: BANKNIFTY 51700 CE exp=2026-03-30
2026-03-23 13:27:00 [ERROR] Instrument not found — CALL skipped
2026-03-23 13:27:00 [INFO] New candle @ 13:27 | Open=51680.9
2026-03-23 13:30:00 [INFO] CLOSED: Candle [13:27–13:30] O=51680.9 H=51702.5 L=51634.6 C=51664.2
2026-03-23 13:30:00 [INFO] CALL SIGNAL | close=51664.2 ≤ 30min-low(52110.0) - 35
2026-03-23 13:30:00 [INFO] Entry signal: CALL | BankNifty=51664.2 | Strike=51700
2026-03-23 13:30:00 [ERROR] Option not found: BANKNIFTY 51700 CE exp=2026-03-30
2026-03-23 13:30:00 [ERROR] Instrument not found — CALL skipped
2026-03-23 13:30:00 [INFO] New candle @ 13:30 | Open=51664.2
2026-03-23 13:33:00 [INFO] CLOSED: Candle [13:30–13:33] O=51664.2 H=51749.8 L=51658.9 C=51739.9
2026-03-23 13:33:00 [INFO] CALL SIGNAL | close=51739.9 ≤ 30min-low(52110.0) - 35
2026-03-23 13:33:00 [INFO] Entry signal: CALL | BankNifty=51739.9 | Strike=51700
2026-03-23 13:33:00 [ERROR] Option not found: BANKNIFTY 51700 CE exp=2026-03-30
2026-03-23 13:33:00 [ERROR] Instrument not found — CALL skipped
2026-03-23 13:33:00 [INFO] New candle @ 13:33 | Open=51739.9
2026-03-23 13:36:00 [INFO] CLOSED: Candle [13:33–13:36] O=51739.9 H=51773.3 L=51708.3 C=51746.6
2026-03-23 13:36:00 [INFO] CALL SIGNAL | close=51746.6 ≤ 30min-low(52110.0) - 35
2026-03-23 13:36:00 [INFO] Entry signal: CALL | BankNifty=51746.6 | Strike=51700
2026-03-23 13:36:00 [ERROR] Option not found: BANKNIFTY 51700 CE exp=2026-03-30
2026-03-23 13:36:00 [ERROR] Instrument not found — CALL skipped
2026-03-23 13:36:00 [INFO] New candle @ 13:36 | Open=51746.6
2026-03-23 13:39:00 [INFO] CLOSED: Candle [13:36–13:39] O=51746.6 H=51779.6 L=51732.9 C=51744.1
2026-03-23 13:39:00 [INFO] CALL SIGNAL | close=51744.1 ≤ 30min-low(52110.0) - 35
2026-03-23 13:39:00 [INFO] Entry signal: CALL | BankNifty=51744.1 | Strike=51700
2026-03-23 13:39:00 [ERROR] Option not found: BANKNIFTY 51700 CE exp=2026-03-30
2026-03-23 13:39:00 [ERROR] Instrument not found — CALL skipped
2026-03-23 13:39:00 [INFO] New candle @ 13:39 | Open=51744.1
2026-03-23 13:42:00 [INFO] CLOSED: Candle [13:39–13:42] O=51744.1 H=51788.7 L=51729.1 C=51790.1
2026-03-23 13:42:00 [INFO] CALL SIGNAL | close=51790.1 ≤ 30min-low(52110.0) - 35
2026-03-23 13:42:00 [INFO] Entry signal: CALL | BankNifty=51790.1 | Strike=51800
2026-03-23 13:42:00 [ERROR] Option not found: BANKNIFTY 51800 CE exp=2026-03-30
2026-03-23 13:42:00 [ERROR] Instrument not found — CALL skipped
2026-03-23 13:42:00 [INFO] New candle @ 13:42 | Open=51790.1
2026-03-23 13:45:00 [INFO] CLOSED: Candle [13:42–13:45] O=51790.1 H=51854.7 L=51756.7 C=51841.7
2026-03-23 13:45:00 [INFO] CALL SIGNAL | close=51841.7 ≤ 30min-low(52110.0) - 35
2026-03-23 13:45:00 [INFO] Entry signal: CALL | BankNifty=51841.7 | Strike=51800
2026-03-23 13:45:00 [ERROR] Option not found: BANKNIFTY 51800 CE exp=2026-03-30
2026-03-23 13:45:00 [ERROR] Instrument not found — CALL skipped
2026-03-23 13:45:00 [INFO] New candle @ 13:45 | Open=51841.7
2026-03-23 13:48:00 [INFO] CLOSED: Candle [13:45–13:48] O=51841.7 H=51852.6 L=51814.2 C=51838.2
2026-03-23 13:48:00 [INFO] CALL SIGNAL | close=51838.2 ≤ 30min-low(52110.0) - 35
2026-03-23 13:48:00 [INFO] Entry signal: CALL | BankNifty=51838.2 | Strike=51800
2026-03-23 13:48:00 [ERROR] Option not found: BANKNIFTY 51800 CE exp=2026-03-30
2026-03-23 13:48:00 [ERROR] Instrument not found — CALL skipped
2026-03-23 13:48:00 [INFO] New candle @ 13:48 | Open=51838.2
2026-03-23 13:51:00 [INFO] CLOSED: Candle [13:48–13:51] O=51838.2 H=51888.8 L=51806.9 C=51886.9
2026-03-23 13:51:00 [INFO] CALL SIGNAL | close=51886.9 ≤ 30min-low(52110.0) - 35
2026-03-23 13:51:00 [INFO] Entry signal: CALL | BankNifty=51886.9 | Strike=51900
2026-03-23 13:51:00 [ERROR] Option not found: BANKNIFTY 51900 CE exp=2026-03-30
2026-03-23 13:51:00 [ERROR] Instrument not found — CALL skipped
2026-03-23 13:51:00 [INFO] New candle @ 13:51 | Open=51886.9
2026-03-23 13:54:00 [INFO] CLOSED: Candle [13:51–13:54] O=51886.9 H=51917.4 L=51811.8 C=51859.2
2026-03-23 13:54:00 [INFO] CALL SIGNAL | close=51859.2 ≤ 30min-low(52110.0) - 35
2026-03-23 13:54:00 [INFO] Entry signal: CALL | BankNifty=51859.2 | Strike=51900
2026-03-23 13:54:00 [ERROR] Option not found: BANKNIFTY 51900 CE exp=2026-03-30
2026-03-23 13:54:00 [ERROR] Instrument not found — CALL skipped
2026-03-23 13:54:00 [INFO] New candle @ 13:54 | Open=51859.2
2026-03-23 13:57:00 [INFO] CLOSED: Candle [13:54–13:57] O=51859.2 H=51882.4 L=51827.3 C=51871.3
2026-03-23 13:57:00 [INFO] CALL SIGNAL | close=51871.3 ≤ 30min-low(52110.0) - 35
2026-03-23 13:57:00 [INFO] Entry signal: CALL | BankNifty=51871.3 | Strike=51900
2026-03-23 13:57:00 [ERROR] Option not found: BANKNIFTY 51900 CE exp=2026-03-30
2026-03-23 13:57:00 [ERROR] Instrument not found — CALL skipped
2026-03-23 13:57:00 [INFO] New candle @ 13:57 | Open=51871.3
2026-03-23 14:00:00 [INFO] CLOSED: Candle [13:57–14:00] O=51871.3 H=51916.2 L=51838.9 C=51848.4
2026-03-23 14:00:00 [INFO] CALL SIGNAL | close=51848.4 ≤ 30min-low(52110.0) - 35
2026-03-23 14:00:00 [INFO] Entry signal: CALL | BankNifty=51848.4 | Strike=51800
2026-03-23 14:00:00 [ERROR] Option not found: BANKNIFTY 51800 CE exp=2026-03-30
2026-03-23 14:00:00 [ERROR] Instrument not found — CALL skipped
2026-03-23 14:00:00 [INFO] New candle @ 14:00 | Open=51848.4
2026-03-23 14:03:00 [INFO] CLOSED: Candle [14:00–14:03] O=51848.4 H=51949.1 L=51816.2 C=51939.5
2026-03-23 14:03:00 [INFO] CALL SIGNAL | close=51939.5 ≤ 30min-low(52110.0) - 35
2026-03-23 14:03:00 [INFO] Entry signal: CALL | BankNifty=51939.5 | Strike=51900
2026-03-23 14:03:00 [ERROR] Option not found: BANKNIFTY 51900 CE exp=2026-03-30
2026-03-23 14:03:00 [ERROR] Instrument not found — CALL skipped
2026-03-23 14:03:00 [INFO] New candle @ 14:03 | Open=51939.5
2026-03-23 14:06:00 [INFO] CLOSED: Candle [14:03–14:06] O=51939.5 H=52016.8 L=51939.5 C=51987.4
2026-03-23 14:06:00 [INFO] CALL SIGNAL | close=51987.4 ≤ 30min-low(52110.0) - 35
2026-03-23 14:06:00 [INFO] Entry signal: CALL | BankNifty=51987.4 | Strike=52000
2026-03-23 14:06:00 [ERROR] Option not found: BANKNIFTY 52000 CE exp=2026-03-30
2026-03-23 14:06:00 [ERROR] Instrument not found — CALL skipped
2026-03-23 14:06:00 [INFO] New candle @ 14:06 | Open=51987.4
2026-03-23 14:09:00 [INFO] CLOSED: Candle [14:06–14:09] O=51987.4 H=52041.3 L=51921.1 C=51925.9
2026-03-23 14:09:00 [INFO] CALL SIGNAL | close=51925.9 ≤ 30min-low(52110.0) - 35
2026-03-23 14:09:00 [INFO] Entry signal: CALL | BankNifty=51925.9 | Strike=51900
2026-03-23 14:09:00 [ERROR] Option not found: BANKNIFTY 51900 CE exp=2026-03-30
2026-03-23 14:09:00 [ERROR] Instrument not found — CALL skipped
2026-03-23 14:09:00 [INFO] New candle @ 14:09 | Open=51925.9
2026-03-23 14:12:00 [INFO] CLOSED: Candle [14:09–14:12] O=51925.9 H=51979.6 L=51914.7 C=51956.4
2026-03-23 14:12:00 [INFO] CALL SIGNAL | close=51956.4 ≤ 30min-low(52110.0) - 35
2026-03-23 14:12:00 [INFO] Entry signal: CALL | BankNifty=51956.4 | Strike=52000
2026-03-23 14:12:00 [ERROR] Option not found: BANKNIFTY 52000 CE exp=2026-03-30
2026-03-23 14:12:00 [ERROR] Instrument not found — CALL skipped
2026-03-23 14:12:00 [INFO] New candle @ 14:12 | Open=51956.4
2026-03-23 14:15:00 [INFO] CLOSED: Candle [14:12–14:15] O=51956.4 H=51987.4 L=51923.8 C=51941.8
2026-03-23 14:15:00 [INFO] CALL SIGNAL | close=51941.8 ≤ 30min-low(52110.0) - 35
2026-03-23 14:15:00 [INFO] Entry signal: CALL | BankNifty=51941.8 | Strike=51900
2026-03-23 14:15:00 [ERROR] Option not found: BANKNIFTY 51900 CE exp=2026-03-30
2026-03-23 14:15:00 [ERROR] Instrument not found — CALL skipped
2026-03-23 14:15:00 [INFO] New candle @ 14:15 | Open=51941.8
2026-03-23 14:18:00 [INFO] CLOSED: Candle [14:15–14:18] O=51941.8 H=51980.1 L=51914.8 C=51974.4
2026-03-23 14:18:00 [INFO] CALL SIGNAL | close=51974.4 ≤ 30min-low(52110.0) - 35
2026-03-23 14:18:00 [INFO] Entry signal: CALL | BankNifty=51974.4 | Strike=52000
2026-03-23 14:18:00 [ERROR] Option not found: BANKNIFTY 52000 CE exp=2026-03-30
2026-03-23 14:18:00 [ERROR] Instrument not found — CALL skipped
2026-03-23 14:18:00 [INFO] New candle @ 14:18 | Open=51974.4
2026-03-23 14:21:00 [INFO] CLOSED: Candle [14:18–14:21] O=51974.4 H=51992.2 L=51948.9 C=51967.9
2026-03-23 14:21:00 [INFO] CALL SIGNAL | close=51967.9 ≤ 30min-low(52110.0) - 35
2026-03-23 14:21:00 [INFO] Entry signal: CALL | BankNifty=51967.9 | Strike=52000
2026-03-23 14:21:00 [ERROR] Option not found: BANKNIFTY 52000 CE exp=2026-03-30
2026-03-23 14:21:00 [ERROR] Instrument not found — CALL skipped
2026-03-23 14:21:00 [INFO] New candle @ 14:21 | Open=51967.9
2026-03-23 14:24:00 [INFO] CLOSED: Candle [14:21–14:24] O=51967.9 H=51972.2 L=51928.6 C=51963.9
2026-03-23 14:24:00 [INFO] CALL SIGNAL | close=51963.9 ≤ 30min-low(52110.0) - 35
2026-03-23 14:24:00 [INFO] Entry signal: CALL | BankNifty=51963.9 | Strike=52000
2026-03-23 14:24:00 [ERROR] Option not found: BANKNIFTY 52000 CE exp=2026-03-30
2026-03-23 14:24:00 [ERROR] Instrument not found — CALL skipped
2026-03-23 14:24:00 [INFO] New candle @ 14:24 | Open=51963.9
2026-03-23 14:27:00 [INFO] CLOSED: Candle [14:24–14:27] O=51963.9 H=51987.1 L=51834.2 C=51903.6
2026-03-23 14:27:00 [INFO] CALL SIGNAL | close=51903.6 ≤ 30min-low(52110.0) - 35
2026-03-23 14:27:00 [INFO] Entry signal: CALL | BankNifty=51903.6 | Strike=51900
2026-03-23 14:27:00 [ERROR] Option not found: BANKNIFTY 51900 CE exp=2026-03-30
2026-03-23 14:27:00 [ERROR] Instrument not found — CALL skipped
2026-03-23 14:27:00 [INFO] New candle @ 14:27 | Open=51903.6
2026-03-23 14:30:00 [INFO] CLOSED: Candle [14:27–14:30] O=51903.6 H=51943.8 L=51832.7 C=51837.2
2026-03-23 14:30:00 [INFO] CALL SIGNAL | close=51837.2 ≤ 30min-low(52110.0) - 35
2026-03-23 14:30:00 [INFO] Entry signal: CALL | BankNifty=51837.2 | Strike=51800
2026-03-23 14:30:00 [ERROR] Option not found: BANKNIFTY 51800 CE exp=2026-03-30
2026-03-23 14:30:00 [ERROR] Instrument not found — CALL skipped
2026-03-23 14:30:00 [INFO] New candle @ 14:30 | Open=51837.2
2026-03-23 14:33:00 [INFO] CLOSED: Candle [14:30–14:33] O=51837.2 H=51839.2 L=51640.1 C=51666.3
2026-03-23 14:33:00 [INFO] CALL SIGNAL | close=51666.3 ≤ 30min-low(52110.0) - 35
2026-03-23 14:33:00 [INFO] Entry signal: CALL | BankNifty=51666.3 | Strike=51700
2026-03-23 14:33:00 [ERROR] Option not found: BANKNIFTY 51700 CE exp=2026-03-30
2026-03-23 14:33:00 [ERROR] Instrument not found — CALL skipped
2026-03-23 14:33:00 [INFO] New candle @ 14:33 | Open=51666.3
2026-03-23 14:36:00 [INFO] CLOSED: Candle [14:33–14:36] O=51666.3 H=51666.8 L=51566.8 C=51594.4
2026-03-23 14:36:00 [INFO] CALL SIGNAL | close=51594.4 ≤ 30min-low(52110.0) - 35
2026-03-23 14:36:00 [INFO] Entry signal: CALL | BankNifty=51594.4 | Strike=51600
2026-03-23 14:36:00 [ERROR] Option not found: BANKNIFTY 51600 CE exp=2026-03-30
2026-03-23 14:36:00 [ERROR] Instrument not found — CALL skipped
2026-03-23 14:36:00 [INFO] New candle @ 14:36 | Open=51594.4
2026-03-23 14:39:00 [INFO] CLOSED: Candle [14:36–14:39] O=51594.4 H=51783.4 L=51591.9 C=51686.2
2026-03-23 14:39:00 [INFO] CALL SIGNAL | close=51686.2 ≤ 30min-low(52110.0) - 35
2026-03-23 14:39:00 [INFO] Entry signal: CALL | BankNifty=51686.2 | Strike=51700
2026-03-23 14:39:00 [ERROR] Option not found: BANKNIFTY 51700 CE exp=2026-03-30
2026-03-23 14:39:00 [ERROR] Instrument not found — CALL skipped
2026-03-23 14:39:00 [INFO] New candle @ 14:39 | Open=51686.2
2026-03-23 14:42:00 [INFO] CLOSED: Candle [14:39–14:42] O=51686.2 H=51687.3 L=51632.7 C=51668.6
2026-03-23 14:42:00 [INFO] CALL SIGNAL | close=51668.6 ≤ 30min-low(52110.0) - 35
2026-03-23 14:42:00 [INFO] Entry signal: CALL | BankNifty=51668.6 | Strike=51700
2026-03-23 14:42:00 [ERROR] Option not found: BANKNIFTY 51700 CE exp=2026-03-30
2026-03-23 14:42:00 [ERROR] Instrument not found — CALL skipped
2026-03-23 14:42:00 [INFO] New candle @ 14:42 | Open=51668.6
2026-03-23 14:45:00 [INFO] CLOSED: Candle [14:42–14:45] O=51668.6 H=51803.7 L=51638.3 C=51783.4
2026-03-23 14:45:00 [INFO] CALL SIGNAL | close=51783.4 ≤ 30min-low(52110.0) - 35
2026-03-23 14:45:00 [INFO] Entry signal: CALL | BankNifty=51783.4 | Strike=51800
2026-03-23 14:45:00 [ERROR] Option not found: BANKNIFTY 51800 CE exp=2026-03-30
2026-03-23 14:45:00 [ERROR] Instrument not found — CALL skipped
2026-03-23 14:45:00 [INFO] New candle @ 14:45 | Open=51783.4
2026-03-23 14:48:00 [INFO] CLOSED: Candle [14:45–14:48] O=51783.4 H=51793.4 L=51707.4 C=51711.7
2026-03-23 14:48:00 [INFO] CALL SIGNAL | close=51711.7 ≤ 30min-low(52110.0) - 35
2026-03-23 14:48:00 [INFO] Entry signal: CALL | BankNifty=51711.7 | Strike=51700
2026-03-23 14:48:00 [ERROR] Option not found: BANKNIFTY 51700 CE exp=2026-03-30
2026-03-23 14:48:00 [ERROR] Instrument not found — CALL skipped
2026-03-23 14:48:00 [INFO] New candle @ 14:48 | Open=51711.7
2026-03-23 14:51:00 [INFO] CLOSED: Candle [14:48–14:51] O=51711.7 H=51820.8 L=51701.8 C=51807.4
2026-03-23 14:51:00 [INFO] CALL SIGNAL | close=51807.4 ≤ 30min-low(52110.0) - 35
2026-03-23 14:51:00 [INFO] Entry signal: CALL | BankNifty=51807.4 | Strike=51800
2026-03-23 14:51:00 [ERROR] Option not found: BANKNIFTY 51800 CE exp=2026-03-30
2026-03-23 14:51:00 [ERROR] Instrument not found — CALL skipped
2026-03-23 14:51:00 [INFO] New candle @ 14:51 | Open=51807.4
2026-03-23 14:54:00 [INFO] CLOSED: Candle [14:51–14:54] O=51807.4 H=51868.1 L=51788.3 C=51801.8
2026-03-23 14:54:00 [INFO] CALL SIGNAL | close=51801.8 ≤ 30min-low(52110.0) - 35
2026-03-23 14:54:00 [INFO] Entry signal: CALL | BankNifty=51801.8 | Strike=51800
2026-03-23 14:54:00 [ERROR] Option not found: BANKNIFTY 51800 CE exp=2026-03-30
2026-03-23 14:54:00 [ERROR] Instrument not found — CALL skipped
2026-03-23 14:54:00 [INFO] New candle @ 14:54 | Open=51801.8
2026-03-23 14:57:00 [INFO] CLOSED: Candle [14:54–14:57] O=51801.8 H=51809.6 L=51696.1 C=51720.4
2026-03-23 14:57:00 [INFO] CALL SIGNAL | close=51720.4 ≤ 30min-low(52110.0) - 35
2026-03-23 14:57:00 [INFO] Entry signal: CALL | BankNifty=51720.4 | Strike=51700
2026-03-23 14:57:00 [ERROR] Option not found: BANKNIFTY 51700 CE exp=2026-03-30
2026-03-23 14:57:00 [ERROR] Instrument not found — CALL skipped
2026-03-23 14:57:00 [INFO] New candle @ 14:57 | Open=51720.4
2026-03-23 15:00:00 [INFO] CLOSED: Candle [14:57–15:00] O=51720.4 H=51745.6 L=51655.7 C=51696.6
2026-03-23 15:00:00 [INFO] CALL SIGNAL | close=51696.6 ≤ 30min-low(52110.0) - 35
2026-03-23 15:00:00 [INFO] Entry signal: CALL | BankNifty=51696.6 | Strike=51700
2026-03-23 15:00:00 [ERROR] Option not found: BANKNIFTY 51700 CE exp=2026-03-30
2026-03-23 15:00:00 [ERROR] Instrument not found — CALL skipped
2026-03-23 15:00:00 [INFO] New candle @ 15:00 | Open=51696.6
2026-03-23 15:03:00 [INFO] CLOSED: Candle [15:00–15:03] O=51696.6 H=51696.6 L=51553.0 C=51584.0
2026-03-23 15:03:00 [INFO] CALL SIGNAL | close=51584.0 ≤ 30min-low(52110.0) - 35
2026-03-23 15:03:00 [INFO] Entry signal: CALL | BankNifty=51584.0 | Strike=51600
2026-03-23 15:03:00 [ERROR] Option not found: BANKNIFTY 51600 CE exp=2026-03-30
2026-03-23 15:03:00 [ERROR] Instrument not found — CALL skipped
2026-03-23 15:03:00 [INFO] New candle @ 15:03 | Open=51584.0
2026-03-23 15:06:00 [INFO] CLOSED: Candle [15:03–15:06] O=51584.0 H=51602.6 L=51454.9 C=51472.6
2026-03-23 15:06:00 [INFO] New candle @ 15:06 | Open=51472.6
2026-03-23 15:09:00 [INFO] CLOSED: Candle [15:06–15:09] O=51472.6 H=51483.8 L=51420.7 C=51449.2
2026-03-23 15:09:00 [INFO] New candle @ 15:09 | Open=51449.2
2026-03-23 15:12:00 [INFO] CLOSED: Candle [15:09–15:12] O=51449.2 H=51555.9 L=51445.6 C=51535.2
2026-03-23 15:12:00 [INFO] New candle @ 15:12 | Open=51535.2
2026-03-23 15:15:00 [INFO] CLOSED: Candle [15:12–15:15] O=51535.2 H=51540.1 L=51402.3 C=51409.4
2026-03-23 15:15:00 [INFO] New candle @ 15:15 | Open=51409.4
2026-03-23 15:18:00 [INFO] CLOSED: Candle [15:15–15:18] O=51409.4 H=51410.3 L=51356.8 C=51374.3
2026-03-23 15:18:00 [INFO] New candle @ 15:18 | Open=51374.3
2026-03-23 15:21:00 [INFO] CLOSED: Candle [15:18–15:21] O=51374.3 H=51381.8 L=51327.8 C=51362.8
2026-03-23 15:21:00 [INFO] New candle @ 15:21 | Open=51362.8
2026-03-23 15:24:00 [INFO] CLOSED: Candle [15:21–15:24] O=51362.8 H=51362.8 L=51334.6 C=51346.7
2026-03-23 15:24:00 [INFO] New candle @ 15:24 | Open=51346.7
2026-03-23 15:27:00 [INFO] CLOSED: Candle [15:24–15:27] O=51346.7 H=51393.9 L=51340.9 C=51354.6
2026-03-23 15:27:00 [INFO] New candle @ 15:27 | Open=51354.6
2026-03-24 09:05:42 [INFO] BankNifty Strategy | PAPER TRADING
2026-03-24 09:05:42 [INFO] Threshold=35  Target=30  SL=40  Lot=30
[I 260324 03:35:42 smartConnect:124] in pool
2026-03-24 09:05:42 [INFO] Generating session...
2026-03-24 09:05:43 [INFO] Session OK  | JWT     : Bearer eyJhbGciOiJIU...
2026-03-24 09:05:43 [INFO]             | FeedTok : eyJhbGciOiJIUzUxMiJ9.eyJ1c2VybmFtZSI6IlMzODc5MDUiLCJpYXQiOjE3NzQzMjMzNDIsImV4cCI6MTc3NDQwOTc0Mn0.u1aCverLMs0szL86ZNKRNMMElj5tzkMRl9YU1BxOljEKj3GTVoJpJhDCg6AomTNGOLh554lSK8rQnmDwdJ2rbw
2026-03-24 09:05:43 [INFO] Loaded 53514 NFO instruments
2026-03-24 09:05:43 [INFO] Nearest expiry : 2026-03-30
2026-03-24 09:05:43 [INFO] Connecting WebSocket...
2026-03-24 09:05:43 [INFO] Websocket connected
2026-03-24 09:05:43 [INFO] WebSocket OPEN — subscribing to BankNifty index
2026-03-24 09:15:00 [INFO] New candle @ 09:15 | Open=52438.7
2026-03-24 09:45:00 [INFO] CLOSED: Candle [09:15–09:45] O=52438.7 H=52494.3 L=52155.3 C=52204.5
2026-03-24 09:45:00 [INFO] =======================================================
2026-03-24 09:45:00 [INFO] 30-MIN CANDLE | HIGH=52494.3  LOW=52155.3
2026-03-24 09:45:00 [INFO] PUT  entry if 3-min close ≥ 52529.3
2026-03-24 09:45:00 [INFO] CALL entry if 3-min close ≤ 52120.3
2026-03-24 09:45:00 [INFO] =======================================================
2026-03-24 09:45:00 [INFO] New candle @ 09:45 | Open=52204.5
2026-03-24 09:48:00 [INFO] CLOSED: Candle [09:45–09:48] O=52204.5 H=52204.5 L=52104.4 C=52124.8
2026-03-24 09:48:00 [INFO] New candle @ 09:48 | Open=52124.8
2026-03-24 09:51:00 [INFO] CLOSED: Candle [09:48–09:51] O=52124.8 H=52166.3 L=52082.9 C=52114.4
2026-03-24 09:51:00 [INFO] CALL SIGNAL | close=52114.4 ≤ 30min-low(52155.3) - 35
2026-03-24 09:51:00 [INFO] Entry signal: CALL | BankNifty=52114.4 | Strike=52100
2026-03-24 09:51:00 [ERROR] Option NOT found: BANKNIFTY 52100 CE exp=2026-03-30
2026-03-24 09:51:00 [ERROR] Sample CE in scrip master → strike='4860000.000000' instrumenttype='OPTIDX' symbol='BANKNIFTY30MAR2648600CE' expiry='30MAR2026'
2026-03-24 09:51:00 [ERROR] Instrument not found — CALL skipped
2026-03-24 09:51:00 [INFO] New candle @ 09:51 | Open=52114.4
2026-03-24 09:54:00 [INFO] CLOSED: Candle [09:51–09:54] O=52114.4 H=52160.9 L=52081.8 C=52151.2
2026-03-24 09:54:00 [INFO] New candle @ 09:54 | Open=52151.2
2026-03-24 09:57:00 [INFO] CLOSED: Candle [09:54–09:57] O=52151.2 H=52291.9 L=52143.8 C=52258.7
2026-03-24 09:57:00 [INFO] New candle @ 09:57 | Open=52258.7
2026-03-24 10:00:00 [INFO] CLOSED: Candle [09:57–10:00] O=52258.7 H=52280.3 L=52206.2 C=52240.4
2026-03-24 10:00:00 [INFO] New candle @ 10:00 | Open=52240.4
2026-03-24 10:03:00 [INFO] CLOSED: Candle [10:00–10:03] O=52240.4 H=52244.2 L=52133.3 C=52150.1
2026-03-24 10:03:00 [INFO] New candle @ 10:03 | Open=52150.1
2026-03-24 10:06:00 [INFO] CLOSED: Candle [10:03–10:06] O=52150.1 H=52150.6 L=52098.5 C=52124.8
2026-03-24 10:06:00 [INFO] New candle @ 10:06 | Open=52124.8
2026-03-24 10:09:00 [INFO] CLOSED: Candle [10:06–10:09] O=52124.8 H=52131.3 L=52004.1 C=52004.9
2026-03-24 10:09:00 [INFO] CALL SIGNAL | close=52004.9 ≤ 30min-low(52155.3) - 35
2026-03-24 10:09:00 [INFO] Entry signal: CALL | BankNifty=52004.9 | Strike=52000
2026-03-24 10:09:00 [ERROR] Option NOT found: BANKNIFTY 52000 CE exp=2026-03-30
2026-03-24 10:09:00 [ERROR] Sample CE in scrip master → strike='4860000.000000' instrumenttype='OPTIDX' symbol='BANKNIFTY30MAR2648600CE' expiry='30MAR2026'
2026-03-24 10:09:00 [ERROR] Instrument not found — CALL skipped
2026-03-24 10:09:00 [INFO] New candle @ 10:09 | Open=52004.9
2026-03-24 10:12:00 [INFO] CLOSED: Candle [10:09–10:12] O=52004.9 H=52046.9 L=51997.8 C=52019.9
2026-03-24 10:12:00 [INFO] CALL SIGNAL | close=52019.9 ≤ 30min-low(52155.3) - 35
2026-03-24 10:12:00 [INFO] Entry signal: CALL | BankNifty=52019.9 | Strike=52000
2026-03-24 10:12:00 [ERROR] Option NOT found: BANKNIFTY 52000 CE exp=2026-03-30
2026-03-24 10:12:00 [ERROR] Sample CE in scrip master → strike='4860000.000000' instrumenttype='OPTIDX' symbol='BANKNIFTY30MAR2648600CE' expiry='30MAR2026'
2026-03-24 10:12:00 [ERROR] Instrument not found — CALL skipped
2026-03-24 10:12:00 [INFO] New candle @ 10:12 | Open=52019.9
2026-03-24 10:15:00 [INFO] CLOSED: Candle [10:12–10:15] O=52019.9 H=52111.8 L=52006.4 C=52077.3
2026-03-24 10:15:00 [INFO] CALL SIGNAL | close=52077.3 ≤ 30min-low(52155.3) - 35
2026-03-24 10:15:00 [INFO] Entry signal: CALL | BankNifty=52077.3 | Strike=52100
2026-03-24 10:15:00 [ERROR] Option NOT found: BANKNIFTY 52100 CE exp=2026-03-30
2026-03-24 10:15:00 [ERROR] Sample CE in scrip master → strike='4860000.000000' instrumenttype='OPTIDX' symbol='BANKNIFTY30MAR2648600CE' expiry='30MAR2026'
2026-03-24 10:15:00 [ERROR] Instrument not found — CALL skipped
2026-03-24 10:15:00 [INFO] New candle @ 10:15 | Open=52077.3
2026-03-24 10:18:00 [INFO] CLOSED: Candle [10:15–10:18] O=52077.3 H=52172.4 L=52062.8 C=52165.8
2026-03-24 10:18:00 [INFO] New candle @ 10:18 | Open=52165.8
2026-03-24 10:21:00 [INFO] CLOSED: Candle [10:18–10:21] O=52165.8 H=52192.8 L=52104.5 C=52104.8
2026-03-24 10:21:00 [INFO] CALL SIGNAL | close=52104.8 ≤ 30min-low(52155.3) - 35
2026-03-24 10:21:00 [INFO] Entry signal: CALL | BankNifty=52104.8 | Strike=52100
2026-03-24 10:21:00 [ERROR] Option NOT found: BANKNIFTY 52100 CE exp=2026-03-30
2026-03-24 10:21:00 [ERROR] Sample CE in scrip master → strike='4860000.000000' instrumenttype='OPTIDX' symbol='BANKNIFTY30MAR2648600CE' expiry='30MAR2026'
2026-03-24 10:21:00 [ERROR] Instrument not found — CALL skipped
2026-03-24 10:21:00 [INFO] New candle @ 10:21 | Open=52104.8
2026-03-24 10:24:00 [INFO] CLOSED: Candle [10:21–10:24] O=52104.8 H=52229.0 L=52101.2 C=52229.7
2026-03-24 10:24:00 [INFO] New candle @ 10:24 | Open=52229.7
2026-03-24 10:27:00 [INFO] CLOSED: Candle [10:24–10:27] O=52229.7 H=52248.0 L=52135.8 C=52149.7
2026-03-24 10:27:00 [INFO] New candle @ 10:27 | Open=52149.7
2026-03-24 10:30:00 [INFO] CLOSED: Candle [10:27–10:30] O=52149.7 H=52149.7 L=52117.0 C=52132.4
2026-03-24 10:30:00 [INFO] New candle @ 10:30 | Open=52132.4
2026-03-24 10:33:00 [INFO] CLOSED: Candle [10:30–10:33] O=52132.4 H=52132.9 L=52042.1 C=52046.4
2026-03-24 10:33:00 [INFO] CALL SIGNAL | close=52046.4 ≤ 30min-low(52155.3) - 35
2026-03-24 10:33:00 [INFO] Entry signal: CALL | BankNifty=52046.4 | Strike=52000
2026-03-24 10:33:00 [ERROR] Option NOT found: BANKNIFTY 52000 CE exp=2026-03-30
2026-03-24 10:33:00 [ERROR] Sample CE in scrip master → strike='4860000.000000' instrumenttype='OPTIDX' symbol='BANKNIFTY30MAR2648600CE' expiry='30MAR2026'
2026-03-24 10:33:00 [ERROR] Instrument not found — CALL skipped
2026-03-24 10:33:00 [INFO] New candle @ 10:33 | Open=52046.4
2026-03-24 10:36:00 [INFO] CLOSED: Candle [10:33–10:36] O=52046.4 H=52050.8 L=51952.6 C=51960.7
2026-03-24 10:36:00 [INFO] CALL SIGNAL | close=51960.7 ≤ 30min-low(52155.3) - 35
2026-03-24 10:36:00 [INFO] Entry signal: CALL | BankNifty=51960.7 | Strike=52000
2026-03-24 10:36:00 [ERROR] Option NOT found: BANKNIFTY 52000 CE exp=2026-03-30
2026-03-24 10:36:00 [ERROR] Sample CE in scrip master → strike='4860000.000000' instrumenttype='OPTIDX' symbol='BANKNIFTY30MAR2648600CE' expiry='30MAR2026'
2026-03-24 10:36:00 [ERROR] Instrument not found — CALL skipped
2026-03-24 10:36:00 [INFO] New candle @ 10:36 | Open=51960.7
2026-03-24 10:39:00 [INFO] CLOSED: Candle [10:36–10:39] O=51960.7 H=51971.3 L=51885.8 C=51912.7
2026-03-24 10:39:00 [INFO] CALL SIGNAL | close=51912.7 ≤ 30min-low(52155.3) - 35
2026-03-24 10:39:00 [INFO] Entry signal: CALL | BankNifty=51912.7 | Strike=51900
2026-03-24 10:39:00 [ERROR] Option NOT found: BANKNIFTY 51900 CE exp=2026-03-30
2026-03-24 10:39:00 [ERROR] Sample CE in scrip master → strike='4860000.000000' instrumenttype='OPTIDX' symbol='BANKNIFTY30MAR2648600CE' expiry='30MAR2026'
2026-03-24 10:39:00 [ERROR] Instrument not found — CALL skipped
2026-03-24 10:39:00 [INFO] New candle @ 10:39 | Open=51912.7
2026-03-24 10:42:00 [INFO] CLOSED: Candle [10:39–10:42] O=51912.7 H=51958.2 L=51867.1 C=51919.6
2026-03-24 10:42:00 [INFO] CALL SIGNAL | close=51919.6 ≤ 30min-low(52155.3) - 35
2026-03-24 10:42:00 [INFO] Entry signal: CALL | BankNifty=51919.6 | Strike=51900
2026-03-24 10:42:00 [ERROR] Option NOT found: BANKNIFTY 51900 CE exp=2026-03-30
2026-03-24 10:42:00 [ERROR] Sample CE in scrip master → strike='4860000.000000' instrumenttype='OPTIDX' symbol='BANKNIFTY30MAR2648600CE' expiry='30MAR2026'
2026-03-24 10:42:00 [ERROR] Instrument not found — CALL skipped
2026-03-24 10:42:00 [INFO] New candle @ 10:42 | Open=51919.6
2026-03-24 10:45:00 [INFO] CLOSED: Candle [10:42–10:45] O=51919.6 H=52012.6 L=51904.4 C=51978.4
2026-03-24 10:45:00 [INFO] CALL SIGNAL | close=51978.4 ≤ 30min-low(52155.3) - 35
2026-03-24 10:45:00 [INFO] Entry signal: CALL | BankNifty=51978.4 | Strike=52000
2026-03-24 10:45:00 [ERROR] Option NOT found: BANKNIFTY 52000 CE exp=2026-03-30
2026-03-24 10:45:00 [ERROR] Sample CE in scrip master → strike='4860000.000000' instrumenttype='OPTIDX' symbol='BANKNIFTY30MAR2648600CE' expiry='30MAR2026'
2026-03-24 10:45:00 [ERROR] Instrument not found — CALL skipped
2026-03-24 10:45:00 [INFO] New candle @ 10:45 | Open=51978.4
2026-03-24 10:48:00 [INFO] CLOSED: Candle [10:45–10:48] O=51978.4 H=52003.4 L=51943.3 C=51984.8
2026-03-24 10:48:00 [INFO] CALL SIGNAL | close=51984.8 ≤ 30min-low(52155.3) - 35
2026-03-24 10:48:00 [INFO] Entry signal: CALL | BankNifty=51984.8 | Strike=52000
2026-03-24 10:48:00 [ERROR] Option NOT found: BANKNIFTY 52000 CE exp=2026-03-30
2026-03-24 10:48:00 [ERROR] Sample CE in scrip master → strike='4860000.000000' instrumenttype='OPTIDX' symbol='BANKNIFTY30MAR2648600CE' expiry='30MAR2026'
2026-03-24 10:48:00 [ERROR] Instrument not found — CALL skipped
2026-03-24 10:48:00 [INFO] New candle @ 10:48 | Open=51984.8
2026-03-24 10:51:00 [INFO] CLOSED: Candle [10:48–10:51] O=51984.8 H=52111.1 L=51972.3 C=52058.1
2026-03-24 10:51:00 [INFO] CALL SIGNAL | close=52058.1 ≤ 30min-low(52155.3) - 35
2026-03-24 10:51:00 [INFO] Entry signal: CALL | BankNifty=52058.1 | Strike=52100
2026-03-24 10:51:00 [ERROR] Option NOT found: BANKNIFTY 52100 CE exp=2026-03-30
2026-03-24 10:51:00 [ERROR] Sample CE in scrip master → strike='4860000.000000' instrumenttype='OPTIDX' symbol='BANKNIFTY30MAR2648600CE' expiry='30MAR2026'
2026-03-24 10:51:00 [ERROR] Instrument not found — CALL skipped
2026-03-24 10:51:00 [INFO] New candle @ 10:51 | Open=52058.1
2026-03-24 10:54:00 [INFO] CLOSED: Candle [10:51–10:54] O=52058.1 H=52062.3 L=51918.8 C=51942.9
2026-03-24 10:54:00 [INFO] CALL SIGNAL | close=51942.9 ≤ 30min-low(52155.3) - 35
2026-03-24 10:54:00 [INFO] Entry signal: CALL | BankNifty=51942.9 | Strike=51900
2026-03-24 10:54:00 [ERROR] Option NOT found: BANKNIFTY 51900 CE exp=2026-03-30
2026-03-24 10:54:00 [ERROR] Sample CE in scrip master → strike='4860000.000000' instrumenttype='OPTIDX' symbol='BANKNIFTY30MAR2648600CE' expiry='30MAR2026'
2026-03-24 10:54:00 [ERROR] Instrument not found — CALL skipped
2026-03-24 10:54:00 [INFO] New candle @ 10:54 | Open=51942.9
2026-03-24 10:57:00 [INFO] CLOSED: Candle [10:54–10:57] O=51942.9 H=51959.8 L=51904.7 C=51908.8
2026-03-24 10:57:00 [INFO] CALL SIGNAL | close=51908.8 ≤ 30min-low(52155.3) - 35
2026-03-24 10:57:00 [INFO] Entry signal: CALL | BankNifty=51908.8 | Strike=51900
2026-03-24 10:57:00 [ERROR] Option NOT found: BANKNIFTY 51900 CE exp=2026-03-30
2026-03-24 10:57:00 [ERROR] Sample CE in scrip master → strike='4860000.000000' instrumenttype='OPTIDX' symbol='BANKNIFTY30MAR2648600CE' expiry='30MAR2026'
2026-03-24 10:57:00 [ERROR] Instrument not found — CALL skipped
2026-03-24 10:57:00 [INFO] New candle @ 10:57 | Open=51908.8
2026-03-24 11:00:00 [INFO] CLOSED: Candle [10:57–11:00] O=51908.8 H=51920.9 L=51828.3 C=51846.8
2026-03-24 11:00:00 [INFO] CALL SIGNAL | close=51846.8 ≤ 30min-low(52155.3) - 35
2026-03-24 11:00:00 [INFO] Entry signal: CALL | BankNifty=51846.8 | Strike=51800
2026-03-24 11:00:00 [ERROR] Option NOT found: BANKNIFTY 51800 CE exp=2026-03-30
2026-03-24 11:00:00 [ERROR] Sample CE in scrip master → strike='4860000.000000' instrumenttype='OPTIDX' symbol='BANKNIFTY30MAR2648600CE' expiry='30MAR2026'
2026-03-24 11:00:00 [ERROR] Instrument not found — CALL skipped
2026-03-24 11:00:00 [INFO] New candle @ 11:00 | Open=51846.8
2026-03-24 11:03:00 [INFO] CLOSED: Candle [11:00–11:03] O=51846.8 H=51917.3 L=51846.1 C=51902.2
2026-03-24 11:03:00 [INFO] CALL SIGNAL | close=51902.2 ≤ 30min-low(52155.3) - 35
2026-03-24 11:03:00 [INFO] Entry signal: CALL | BankNifty=51902.2 | Strike=51900
2026-03-24 11:03:00 [ERROR] Option NOT found: BANKNIFTY 51900 CE exp=2026-03-30
2026-03-24 11:03:00 [ERROR] Sample CE in scrip master → strike='4860000.000000' instrumenttype='OPTIDX' symbol='BANKNIFTY30MAR2648600CE' expiry='30MAR2026'
2026-03-24 11:03:00 [ERROR] Instrument not found — CALL skipped
2026-03-24 11:03:00 [INFO] New candle @ 11:03 | Open=51902.2
2026-03-24 11:06:00 [INFO] CLOSED: Candle [11:03–11:06] O=51902.2 H=51948.6 L=51899.5 C=51945.8
2026-03-24 11:06:00 [INFO] CALL SIGNAL | close=51945.8 ≤ 30min-low(52155.3) - 35
2026-03-24 11:06:00 [INFO] Entry signal: CALL | BankNifty=51945.8 | Strike=51900
2026-03-24 11:06:00 [ERROR] Option NOT found: BANKNIFTY 51900 CE exp=2026-03-30
2026-03-24 11:06:00 [ERROR] Sample CE in scrip master → strike='4860000.000000' instrumenttype='OPTIDX' symbol='BANKNIFTY30MAR2648600CE' expiry='30MAR2026'
2026-03-24 11:06:00 [ERROR] Instrument not found — CALL skipped
2026-03-24 11:06:00 [INFO] New candle @ 11:06 | Open=51945.8
2026-03-24 11:09:00 [INFO] CLOSED: Candle [11:06–11:09] O=51945.8 H=51960.1 L=51881.6 C=51948.3
2026-03-24 11:09:00 [INFO] CALL SIGNAL | close=51948.3 ≤ 30min-low(52155.3) - 35
2026-03-24 11:09:00 [INFO] Entry signal: CALL | BankNifty=51948.3 | Strike=51900
2026-03-24 11:09:00 [ERROR] Option NOT found: BANKNIFTY 51900 CE exp=2026-03-30
2026-03-24 11:09:00 [ERROR] Sample CE in scrip master → strike='4860000.000000' instrumenttype='OPTIDX' symbol='BANKNIFTY30MAR2648600CE' expiry='30MAR2026'
2026-03-24 11:09:00 [ERROR] Instrument not found — CALL skipped
2026-03-24 11:09:00 [INFO] New candle @ 11:09 | Open=51948.3
2026-03-24 11:12:00 [INFO] CLOSED: Candle [11:09–11:12] O=51948.3 H=52009.3 L=51926.9 C=51995.9
2026-03-24 11:12:00 [INFO] CALL SIGNAL | close=51995.9 ≤ 30min-low(52155.3) - 35
2026-03-24 11:12:00 [INFO] Entry signal: CALL | BankNifty=51995.9 | Strike=52000
2026-03-24 11:12:00 [ERROR] Option NOT found: BANKNIFTY 52000 CE exp=2026-03-30
2026-03-24 11:12:00 [ERROR] Sample CE in scrip master → strike='4860000.000000' instrumenttype='OPTIDX' symbol='BANKNIFTY30MAR2648600CE' expiry='30MAR2026'
2026-03-24 11:12:00 [ERROR] Instrument not found — CALL skipped
2026-03-24 11:12:00 [INFO] New candle @ 11:12 | Open=51995.9
2026-03-24 11:15:00 [INFO] CLOSED: Candle [11:12–11:15] O=51995.9 H=52000.8 L=51927.3 C=51983.7
2026-03-24 11:15:00 [INFO] CALL SIGNAL | close=51983.7 ≤ 30min-low(52155.3) - 35
2026-03-24 11:15:00 [INFO] Entry signal: CALL | BankNifty=51983.7 | Strike=52000
2026-03-24 11:15:00 [ERROR] Option NOT found: BANKNIFTY 52000 CE exp=2026-03-30
2026-03-24 11:15:00 [ERROR] Sample CE in scrip master → strike='4860000.000000' instrumenttype='OPTIDX' symbol='BANKNIFTY30MAR2648600CE' expiry='30MAR2026'
2026-03-24 11:15:00 [ERROR] Instrument not found — CALL skipped
2026-03-24 11:15:00 [INFO] New candle @ 11:15 | Open=51983.7
2026-03-24 11:18:00 [INFO] CLOSED: Candle [11:15–11:18] O=51983.7 H=52021.8 L=51952.8 C=52018.4
2026-03-24 11:18:00 [INFO] CALL SIGNAL | close=52018.4 ≤ 30min-low(52155.3) - 35
2026-03-24 11:18:00 [INFO] Entry signal: CALL | BankNifty=52018.4 | Strike=52000
2026-03-24 11:18:00 [ERROR] Option NOT found: BANKNIFTY 52000 CE exp=2026-03-30
2026-03-24 11:18:00 [ERROR] Sample CE in scrip master → strike='4860000.000000' instrumenttype='OPTIDX' symbol='BANKNIFTY30MAR2648600CE' expiry='30MAR2026'
2026-03-24 11:18:00 [ERROR] Instrument not found — CALL skipped
2026-03-24 11:18:00 [INFO] New candle @ 11:18 | Open=52018.4
2026-03-24 11:21:00 [INFO] CLOSED: Candle [11:18–11:21] O=52018.4 H=52068.6 L=52004.6 C=52035.2
2026-03-24 11:21:00 [INFO] CALL SIGNAL | close=52035.2 ≤ 30min-low(52155.3) - 35
2026-03-24 11:21:00 [INFO] Entry signal: CALL | BankNifty=52035.2 | Strike=52000
2026-03-24 11:21:00 [ERROR] Option NOT found: BANKNIFTY 52000 CE exp=2026-03-30
2026-03-24 11:21:00 [ERROR] Sample CE in scrip master → strike='4860000.000000' instrumenttype='OPTIDX' symbol='BANKNIFTY30MAR2648600CE' expiry='30MAR2026'
2026-03-24 11:21:00 [ERROR] Instrument not found — CALL skipped
2026-03-24 11:21:00 [INFO] New candle @ 11:21 | Open=52035.2
2026-03-24 11:24:00 [INFO] CLOSED: Candle [11:21–11:24] O=52035.2 H=52043.1 L=51958.2 C=51961.1
2026-03-24 11:24:00 [INFO] CALL SIGNAL | close=51961.1 ≤ 30min-low(52155.3) - 35
2026-03-24 11:24:00 [INFO] Entry signal: CALL | BankNifty=51961.1 | Strike=52000
2026-03-24 11:24:00 [ERROR] Option NOT found: BANKNIFTY 52000 CE exp=2026-03-30
2026-03-24 11:24:00 [ERROR] Sample CE in scrip master → strike='4860000.000000' instrumenttype='OPTIDX' symbol='BANKNIFTY30MAR2648600CE' expiry='30MAR2026'
2026-03-24 11:24:00 [ERROR] Instrument not found — CALL skipped
2026-03-24 11:24:00 [INFO] New candle @ 11:24 | Open=51961.1
2026-03-24 11:27:00 [INFO] CLOSED: Candle [11:24–11:27] O=51961.1 H=52026.1 L=51924.7 C=52022.2
2026-03-24 11:27:00 [INFO] CALL SIGNAL | close=52022.2 ≤ 30min-low(52155.3) - 35
2026-03-24 11:27:00 [INFO] Entry signal: CALL | BankNifty=52022.2 | Strike=52000
2026-03-24 11:27:00 [ERROR] Option NOT found: BANKNIFTY 52000 CE exp=2026-03-30
2026-03-24 11:27:00 [ERROR] Sample CE in scrip master → strike='4860000.000000' instrumenttype='OPTIDX' symbol='BANKNIFTY30MAR2648600CE' expiry='30MAR2026'
2026-03-24 11:27:00 [ERROR] Instrument not found — CALL skipped
2026-03-24 11:27:00 [INFO] New candle @ 11:27 | Open=52022.2
2026-03-24 11:30:00 [INFO] CLOSED: Candle [11:27–11:30] O=52022.2 H=52052.9 L=52003.4 C=52018.4
2026-03-24 11:30:00 [INFO] CALL SIGNAL | close=52018.4 ≤ 30min-low(52155.3) - 35
2026-03-24 11:30:00 [INFO] Entry signal: CALL | BankNifty=52018.4 | Strike=52000
2026-03-24 11:30:00 [ERROR] Option NOT found: BANKNIFTY 52000 CE exp=2026-03-30
2026-03-24 11:30:00 [ERROR] Sample CE in scrip master → strike='4860000.000000' instrumenttype='OPTIDX' symbol='BANKNIFTY30MAR2648600CE' expiry='30MAR2026'
2026-03-24 11:30:00 [ERROR] Instrument not found — CALL skipped
2026-03-24 11:30:00 [INFO] New candle @ 11:30 | Open=52018.4
2026-03-24 11:33:00 [INFO] CLOSED: Candle [11:30–11:33] O=52018.4 H=52066.8 L=52013.4 C=52051.5
2026-03-24 11:33:00 [INFO] CALL SIGNAL | close=52051.5 ≤ 30min-low(52155.3) - 35
2026-03-24 11:33:00 [INFO] Entry signal: CALL | BankNifty=52051.5 | Strike=52100
2026-03-24 11:33:00 [ERROR] Option NOT found: BANKNIFTY 52100 CE exp=2026-03-30
2026-03-24 11:33:00 [ERROR] Sample CE in scrip master → strike='4860000.000000' instrumenttype='OPTIDX' symbol='BANKNIFTY30MAR2648600CE' expiry='30MAR2026'
2026-03-24 11:33:00 [ERROR] Instrument not found — CALL skipped
2026-03-24 11:33:00 [INFO] New candle @ 11:33 | Open=52051.5
2026-03-24 11:36:00 [INFO] CLOSED: Candle [11:33–11:36] O=52051.5 H=52104.6 L=52021.4 C=52080.2
2026-03-24 11:36:00 [INFO] CALL SIGNAL | close=52080.2 ≤ 30min-low(52155.3) - 35
2026-03-24 11:36:00 [INFO] Entry signal: CALL | BankNifty=52080.2 | Strike=52100
2026-03-24 11:36:00 [ERROR] Option NOT found: BANKNIFTY 52100 CE exp=2026-03-30
2026-03-24 11:36:00 [ERROR] Sample CE in scrip master → strike='4860000.000000' instrumenttype='OPTIDX' symbol='BANKNIFTY30MAR2648600CE' expiry='30MAR2026'
2026-03-24 11:36:00 [ERROR] Instrument not found — CALL skipped
2026-03-24 11:36:00 [INFO] New candle @ 11:36 | Open=52080.2
2026-03-24 11:39:00 [INFO] CLOSED: Candle [11:36–11:39] O=52080.2 H=52092.0 L=52059.8 C=52060.4
2026-03-24 11:39:00 [INFO] CALL SIGNAL | close=52060.4 ≤ 30min-low(52155.3) - 35
2026-03-24 11:39:00 [INFO] Entry signal: CALL | BankNifty=52060.4 | Strike=52100
2026-03-24 11:39:00 [ERROR] Option NOT found: BANKNIFTY 52100 CE exp=2026-03-30
2026-03-24 11:39:00 [ERROR] Sample CE in scrip master → strike='4860000.000000' instrumenttype='OPTIDX' symbol='BANKNIFTY30MAR2648600CE' expiry='30MAR2026'
2026-03-24 11:39:00 [ERROR] Instrument not found — CALL skipped
2026-03-24 11:39:00 [INFO] New candle @ 11:39 | Open=52060.4
2026-03-24 11:42:00 [INFO] CLOSED: Candle [11:39–11:42] O=52060.4 H=52081.9 L=52020.2 C=52018.7
2026-03-24 11:42:00 [INFO] CALL SIGNAL | close=52018.7 ≤ 30min-low(52155.3) - 35
2026-03-24 11:42:00 [INFO] Entry signal: CALL | BankNifty=52018.7 | Strike=52000
2026-03-24 11:42:00 [ERROR] Option NOT found: BANKNIFTY 52000 CE exp=2026-03-30
2026-03-24 11:42:00 [ERROR] Sample CE in scrip master → strike='4860000.000000' instrumenttype='OPTIDX' symbol='BANKNIFTY30MAR2648600CE' expiry='30MAR2026'
2026-03-24 11:42:00 [ERROR] Instrument not found — CALL skipped
2026-03-24 11:42:00 [INFO] New candle @ 11:42 | Open=52018.7
2026-03-24 11:45:00 [INFO] CLOSED: Candle [11:42–11:45] O=52018.7 H=52044.2 L=51992.6 C=52038.1
2026-03-24 11:45:00 [INFO] CALL SIGNAL | close=52038.1 ≤ 30min-low(52155.3) - 35
2026-03-24 11:45:00 [INFO] Entry signal: CALL | BankNifty=52038.1 | Strike=52000
2026-03-24 11:45:00 [ERROR] Option NOT found: BANKNIFTY 52000 CE exp=2026-03-30
2026-03-24 11:45:00 [ERROR] Sample CE in scrip master → strike='4860000.000000' instrumenttype='OPTIDX' symbol='BANKNIFTY30MAR2648600CE' expiry='30MAR2026'
2026-03-24 11:45:00 [ERROR] Instrument not found — CALL skipped
2026-03-24 11:45:00 [INFO] New candle @ 11:45 | Open=52038.1
2026-03-24 11:48:00 [INFO] CLOSED: Candle [11:45–11:48] O=52038.1 H=52136.6 L=52018.4 C=52086.6
2026-03-24 11:48:00 [INFO] CALL SIGNAL | close=52086.6 ≤ 30min-low(52155.3) - 35
2026-03-24 11:48:00 [INFO] Entry signal: CALL | BankNifty=52086.6 | Strike=52100
2026-03-24 11:48:00 [ERROR] Option NOT found: BANKNIFTY 52100 CE exp=2026-03-30
2026-03-24 11:48:00 [ERROR] Sample CE in scrip master → strike='4860000.000000' instrumenttype='OPTIDX' symbol='BANKNIFTY30MAR2648600CE' expiry='30MAR2026'
2026-03-24 11:48:00 [ERROR] Instrument not found — CALL skipped
2026-03-24 11:48:00 [INFO] New candle @ 11:48 | Open=52086.6
2026-03-24 11:51:00 [INFO] CLOSED: Candle [11:48–11:51] O=52086.6 H=52098.7 L=51993.2 C=52036.5
2026-03-24 11:51:00 [INFO] CALL SIGNAL | close=52036.5 ≤ 30min-low(52155.3) - 35
2026-03-24 11:51:00 [INFO] Entry signal: CALL | BankNifty=52036.5 | Strike=52000
2026-03-24 11:51:00 [ERROR] Option NOT found: BANKNIFTY 52000 CE exp=2026-03-30
2026-03-24 11:51:00 [ERROR] Sample CE in scrip master → strike='4860000.000000' instrumenttype='OPTIDX' symbol='BANKNIFTY30MAR2648600CE' expiry='30MAR2026'
2026-03-24 11:51:00 [ERROR] Instrument not found — CALL skipped
2026-03-24 11:51:00 [INFO] New candle @ 11:51 | Open=52036.5
2026-03-24 11:54:00 [INFO] CLOSED: Candle [11:51–11:54] O=52036.5 H=52079.6 L=52022.5 C=52062.8
2026-03-24 11:54:00 [INFO] CALL SIGNAL | close=52062.8 ≤ 30min-low(52155.3) - 35
2026-03-24 11:54:00 [INFO] Entry signal: CALL | BankNifty=52062.8 | Strike=52100
2026-03-24 11:54:00 [ERROR] Option NOT found: BANKNIFTY 52100 CE exp=2026-03-30
2026-03-24 11:54:00 [ERROR] Sample CE in scrip master → strike='4860000.000000' instrumenttype='OPTIDX' symbol='BANKNIFTY30MAR2648600CE' expiry='30MAR2026'
2026-03-24 11:54:00 [ERROR] Instrument not found — CALL skipped
2026-03-24 11:54:00 [INFO] New candle @ 11:54 | Open=52062.8
2026-03-24 11:57:00 [INFO] CLOSED: Candle [11:54–11:57] O=52062.8 H=52185.3 L=52048.3 C=52183.0
2026-03-24 11:57:00 [INFO] New candle @ 11:57 | Open=52183.0
2026-03-24 12:00:00 [INFO] CLOSED: Candle [11:57–12:00] O=52183.0 H=52185.7 L=52113.8 C=52118.6
2026-03-24 12:00:00 [INFO] CALL SIGNAL | close=52118.6 ≤ 30min-low(52155.3) - 35
2026-03-24 12:00:00 [INFO] Entry signal: CALL | BankNifty=52118.6 | Strike=52100
2026-03-24 12:00:00 [ERROR] Option NOT found: BANKNIFTY 52100 CE exp=2026-03-30
2026-03-24 12:00:00 [ERROR] Sample CE in scrip master → strike='4860000.000000' instrumenttype='OPTIDX' symbol='BANKNIFTY30MAR2648600CE' expiry='30MAR2026'
2026-03-24 12:00:00 [ERROR] Instrument not found — CALL skipped
2026-03-24 12:00:00 [INFO] New candle @ 12:00 | Open=52118.6
2026-03-24 12:03:00 [INFO] CLOSED: Candle [12:00–12:03] O=52118.6 H=52136.2 L=52070.2 C=52098.8
2026-03-24 12:03:00 [INFO] CALL SIGNAL | close=52098.8 ≤ 30min-low(52155.3) - 35
2026-03-24 12:03:00 [INFO] Entry signal: CALL | BankNifty=52098.8 | Strike=52100
2026-03-24 12:03:00 [ERROR] Option NOT found: BANKNIFTY 52100 CE exp=2026-03-30
2026-03-24 12:03:00 [ERROR] Sample CE in scrip master → strike='4860000.000000' instrumenttype='OPTIDX' symbol='BANKNIFTY30MAR2648600CE' expiry='30MAR2026'
2026-03-24 12:03:00 [ERROR] Instrument not found — CALL skipped
2026-03-24 12:03:00 [INFO] New candle @ 12:03 | Open=52098.8
2026-03-24 12:06:00 [INFO] CLOSED: Candle [12:03–12:06] O=52098.8 H=52108.2 L=52023.6 C=52030.0
2026-03-24 12:06:00 [INFO] CALL SIGNAL | close=52030.0 ≤ 30min-low(52155.3) - 35
2026-03-24 12:06:00 [INFO] Entry signal: CALL | BankNifty=52030.0 | Strike=52000
2026-03-24 12:06:00 [ERROR] Option NOT found: BANKNIFTY 52000 CE exp=2026-03-30
2026-03-24 12:06:00 [ERROR] Sample CE in scrip master → strike='4860000.000000' instrumenttype='OPTIDX' symbol='BANKNIFTY30MAR2648600CE' expiry='30MAR2026'
2026-03-24 12:06:00 [ERROR] Instrument not found — CALL skipped
2026-03-24 12:06:00 [INFO] New candle @ 12:06 | Open=52030.0
2026-03-24 12:09:00 [INFO] CLOSED: Candle [12:06–12:09] O=52030.0 H=52063.4 L=52017.0 C=52034.6
2026-03-24 12:09:00 [INFO] CALL SIGNAL | close=52034.6 ≤ 30min-low(52155.3) - 35
2026-03-24 12:09:00 [INFO] Entry signal: CALL | BankNifty=52034.6 | Strike=52000
2026-03-24 12:09:00 [ERROR] Option NOT found: BANKNIFTY 52000 CE exp=2026-03-30
2026-03-24 12:09:00 [ERROR] Sample CE in scrip master → strike='4860000.000000' instrumenttype='OPTIDX' symbol='BANKNIFTY30MAR2648600CE' expiry='30MAR2026'
2026-03-24 12:09:00 [ERROR] Instrument not found — CALL skipped
2026-03-24 12:09:00 [INFO] New candle @ 12:09 | Open=52034.6
2026-03-24 12:12:00 [INFO] CLOSED: Candle [12:09–12:12] O=52034.6 H=52063.1 L=52017.6 C=52059.0
2026-03-24 12:12:00 [INFO] CALL SIGNAL | close=52059.0 ≤ 30min-low(52155.3) - 35
2026-03-24 12:12:00 [INFO] Entry signal: CALL | BankNifty=52059.0 | Strike=52100
2026-03-24 12:12:00 [ERROR] Option NOT found: BANKNIFTY 52100 CE exp=2026-03-30
2026-03-24 12:12:00 [ERROR] Sample CE in scrip master → strike='4860000.000000' instrumenttype='OPTIDX' symbol='BANKNIFTY30MAR2648600CE' expiry='30MAR2026'
2026-03-24 12:12:00 [ERROR] Instrument not found — CALL skipped
2026-03-24 12:12:00 [INFO] New candle @ 12:12 | Open=52059.0
2026-03-24 12:15:00 [INFO] CLOSED: Candle [12:12–12:15] O=52059.0 H=52060.6 L=51989.3 C=51994.8
2026-03-24 12:15:00 [INFO] CALL SIGNAL | close=51994.8 ≤ 30min-low(52155.3) - 35
2026-03-24 12:15:00 [INFO] Entry signal: CALL | BankNifty=51994.8 | Strike=52000
2026-03-24 12:15:00 [ERROR] Option NOT found: BANKNIFTY 52000 CE exp=2026-03-30
2026-03-24 12:15:00 [ERROR] Sample CE in scrip master → strike='4860000.000000' instrumenttype='OPTIDX' symbol='BANKNIFTY30MAR2648600CE' expiry='30MAR2026'
2026-03-24 12:15:00 [ERROR] Instrument not found — CALL skipped
2026-03-24 12:15:00 [INFO] New candle @ 12:15 | Open=51994.8
2026-03-24 12:18:00 [INFO] CLOSED: Candle [12:15–12:18] O=51994.8 H=52018.8 L=51981.9 C=51991.7
2026-03-24 12:18:00 [INFO] CALL SIGNAL | close=51991.7 ≤ 30min-low(52155.3) - 35
2026-03-24 12:18:00 [INFO] Entry signal: CALL | BankNifty=51991.7 | Strike=52000
2026-03-24 12:18:00 [ERROR] Option NOT found: BANKNIFTY 52000 CE exp=2026-03-30
2026-03-24 12:18:00 [ERROR] Sample CE in scrip master → strike='4860000.000000' instrumenttype='OPTIDX' symbol='BANKNIFTY30MAR2648600CE' expiry='30MAR2026'
2026-03-24 12:18:00 [ERROR] Instrument not found — CALL skipped
2026-03-24 12:18:00 [INFO] New candle @ 12:18 | Open=51991.7
2026-03-24 12:21:00 [INFO] CLOSED: Candle [12:18–12:21] O=51991.7 H=52009.2 L=51972.2 C=51998.3
2026-03-24 12:21:00 [INFO] CALL SIGNAL | close=51998.3 ≤ 30min-low(52155.3) - 35
2026-03-24 12:21:00 [INFO] Entry signal: CALL | BankNifty=51998.3 | Strike=52000
2026-03-24 12:21:00 [ERROR] Option NOT found: BANKNIFTY 52000 CE exp=2026-03-30
2026-03-24 12:21:00 [ERROR] Sample CE in scrip master → strike='4860000.000000' instrumenttype='OPTIDX' symbol='BANKNIFTY30MAR2648600CE' expiry='30MAR2026'
2026-03-24 12:21:00 [ERROR] Instrument not found — CALL skipped
2026-03-24 12:21:00 [INFO] New candle @ 12:21 | Open=51998.3
2026-03-24 12:24:00 [INFO] CLOSED: Candle [12:21–12:24] O=51998.3 H=52219.7 L=51993.8 C=52217.9
2026-03-24 12:24:00 [INFO] New candle @ 12:24 | Open=52217.9
2026-03-24 12:27:00 [INFO] CLOSED: Candle [12:24–12:27] O=52217.9 H=52399.4 L=52198.7 C=52395.2
2026-03-24 12:27:00 [INFO] New candle @ 12:27 | Open=52395.2
2026-03-24 12:30:00 [INFO] CLOSED: Candle [12:27–12:30] O=52395.2 H=52423.6 L=52172.5 C=52219.2
2026-03-24 12:30:00 [INFO] New candle @ 12:30 | Open=52219.2
2026-03-24 12:33:00 [INFO] CLOSED: Candle [12:30–12:33] O=52219.2 H=52389.3 L=52218.4 C=52378.1
2026-03-24 12:33:00 [INFO] New candle @ 12:33 | Open=52378.1
2026-03-24 12:36:00 [INFO] CLOSED: Candle [12:33–12:36] O=52378.1 H=52530.4 L=52361.8 C=52529.4
2026-03-24 12:36:00 [INFO] PUT SIGNAL | close=52529.4 ≥ 30min-high(52494.3) + 35
2026-03-24 12:36:00 [INFO] Entry signal: PUT | BankNifty=52529.4 | Strike=52500
2026-03-24 12:36:00 [ERROR] Option NOT found: BANKNIFTY 52500 PE exp=2026-03-30
2026-03-24 12:36:00 [ERROR] Sample PE in scrip master → strike='4900000.000000' instrumenttype='OPTIDX' symbol='BANKNIFTY30MAR2649000PE' expiry='30MAR2026'
2026-03-24 12:36:00 [ERROR] Instrument not found — PUT skipped
2026-03-24 12:36:00 [INFO] New candle @ 12:36 | Open=52529.4
2026-03-24 12:39:00 [INFO] CLOSED: Candle [12:36–12:39] O=52529.4 H=52575.4 L=52493.8 C=52530.3
2026-03-24 12:39:00 [INFO] PUT SIGNAL | close=52530.3 ≥ 30min-high(52494.3) + 35
2026-03-24 12:39:00 [INFO] Entry signal: PUT | BankNifty=52530.3 | Strike=52500
2026-03-24 12:39:00 [ERROR] Option NOT found: BANKNIFTY 52500 PE exp=2026-03-30
2026-03-24 12:39:00 [ERROR] Sample PE in scrip master → strike='4900000.000000' instrumenttype='OPTIDX' symbol='BANKNIFTY30MAR2649000PE' expiry='30MAR2026'
2026-03-24 12:39:00 [ERROR] Instrument not found — PUT skipped
2026-03-24 12:39:00 [INFO] New candle @ 12:39 | Open=52530.3
2026-03-24 12:42:00 [INFO] CLOSED: Candle [12:39–12:42] O=52530.3 H=52646.7 L=52522.8 C=52621.8
2026-03-24 12:42:00 [INFO] PUT SIGNAL | close=52621.8 ≥ 30min-high(52494.3) + 35
2026-03-24 12:42:00 [INFO] Entry signal: PUT | BankNifty=52621.8 | Strike=52600
2026-03-24 12:42:00 [ERROR] Option NOT found: BANKNIFTY 52600 PE exp=2026-03-30
2026-03-24 12:42:00 [ERROR] Sample PE in scrip master → strike='4900000.000000' instrumenttype='OPTIDX' symbol='BANKNIFTY30MAR2649000PE' expiry='30MAR2026'
2026-03-24 12:42:00 [ERROR] Instrument not found — PUT skipped
2026-03-24 12:42:00 [INFO] New candle @ 12:42 | Open=52621.8
2026-03-24 12:45:00 [INFO] CLOSED: Candle [12:42–12:45] O=52621.8 H=52704.3 L=52601.7 C=52620.8
2026-03-24 12:45:00 [INFO] PUT SIGNAL | close=52620.8 ≥ 30min-high(52494.3) + 35
2026-03-24 12:45:00 [INFO] Entry signal: PUT | BankNifty=52620.8 | Strike=52600
2026-03-24 12:45:00 [ERROR] Option NOT found: BANKNIFTY 52600 PE exp=2026-03-30
2026-03-24 12:45:00 [ERROR] Sample PE in scrip master → strike='4900000.000000' instrumenttype='OPTIDX' symbol='BANKNIFTY30MAR2649000PE' expiry='30MAR2026'
2026-03-24 12:45:00 [ERROR] Instrument not found — PUT skipped
2026-03-24 12:45:00 [INFO] New candle @ 12:45 | Open=52620.8
2026-03-24 12:48:00 [INFO] CLOSED: Candle [12:45–12:48] O=52620.8 H=52747.0 L=52617.9 C=52732.4
2026-03-24 12:48:00 [INFO] PUT SIGNAL | close=52732.4 ≥ 30min-high(52494.3) + 35
2026-03-24 12:48:00 [INFO] Entry signal: PUT | BankNifty=52732.4 | Strike=52700
2026-03-24 12:48:00 [ERROR] Option NOT found: BANKNIFTY 52700 PE exp=2026-03-30
2026-03-24 12:48:00 [ERROR] Sample PE in scrip master → strike='4900000.000000' instrumenttype='OPTIDX' symbol='BANKNIFTY30MAR2649000PE' expiry='30MAR2026'
2026-03-24 12:48:00 [ERROR] Instrument not found — PUT skipped
2026-03-24 12:48:00 [INFO] New candle @ 12:48 | Open=52732.4
2026-03-24 12:51:00 [INFO] CLOSED: Candle [12:48–12:51] O=52732.4 H=52791.4 L=52715.8 C=52758.9
2026-03-24 12:51:00 [INFO] PUT SIGNAL | close=52758.9 ≥ 30min-high(52494.3) + 35
2026-03-24 12:51:00 [INFO] Entry signal: PUT | BankNifty=52758.9 | Strike=52800
2026-03-24 12:51:00 [ERROR] Option NOT found: BANKNIFTY 52800 PE exp=2026-03-30
2026-03-24 12:51:00 [ERROR] Sample PE in scrip master → strike='4900000.000000' instrumenttype='OPTIDX' symbol='BANKNIFTY30MAR2649000PE' expiry='30MAR2026'
2026-03-24 12:51:00 [ERROR] Instrument not found — PUT skipped
2026-03-24 12:51:00 [INFO] New candle @ 12:51 | Open=52758.9
2026-03-24 12:54:00 [INFO] CLOSED: Candle [12:51–12:54] O=52758.9 H=52859.6 L=52728.4 C=52802.1
2026-03-24 12:54:00 [INFO] PUT SIGNAL | close=52802.1 ≥ 30min-high(52494.3) + 35
2026-03-24 12:54:00 [INFO] Entry signal: PUT | BankNifty=52802.1 | Strike=52800
2026-03-24 12:54:00 [ERROR] Option NOT found: BANKNIFTY 52800 PE exp=2026-03-30
2026-03-24 12:54:00 [ERROR] Sample PE in scrip master → strike='4900000.000000' instrumenttype='OPTIDX' symbol='BANKNIFTY30MAR2649000PE' expiry='30MAR2026'
2026-03-24 12:54:00 [ERROR] Instrument not found — PUT skipped
2026-03-24 12:54:00 [INFO] New candle @ 12:54 | Open=52802.1
2026-03-24 12:57:00 [INFO] CLOSED: Candle [12:54–12:57] O=52802.1 H=52834.1 L=52704.2 C=52699.6
2026-03-24 12:57:00 [INFO] PUT SIGNAL | close=52699.6 ≥ 30min-high(52494.3) + 35
2026-03-24 12:57:00 [INFO] Entry signal: PUT | BankNifty=52699.6 | Strike=52700
2026-03-24 12:57:00 [ERROR] Option NOT found: BANKNIFTY 52700 PE exp=2026-03-30
2026-03-24 12:57:00 [ERROR] Sample PE in scrip master → strike='4900000.000000' instrumenttype='OPTIDX' symbol='BANKNIFTY30MAR2649000PE' expiry='30MAR2026'
2026-03-24 12:57:00 [ERROR] Instrument not found — PUT skipped
2026-03-24 12:57:00 [INFO] New candle @ 12:57 | Open=52699.6
2026-03-24 13:00:00 [INFO] CLOSED: Candle [12:57–13:00] O=52699.6 H=52712.1 L=52621.8 C=52685.2
2026-03-24 13:00:00 [INFO] PUT SIGNAL | close=52685.2 ≥ 30min-high(52494.3) + 35
2026-03-24 13:00:00 [INFO] Entry signal: PUT | BankNifty=52685.2 | Strike=52700
2026-03-24 13:00:00 [ERROR] Option NOT found: BANKNIFTY 52700 PE exp=2026-03-30
2026-03-24 13:00:00 [ERROR] Sample PE in scrip master → strike='4900000.000000' instrumenttype='OPTIDX' symbol='BANKNIFTY30MAR2649000PE' expiry='30MAR2026'
2026-03-24 13:00:00 [ERROR] Instrument not found — PUT skipped
2026-03-24 13:00:00 [INFO] New candle @ 13:00 | Open=52685.2
2026-03-24 13:03:00 [INFO] CLOSED: Candle [13:00–13:03] O=52685.2 H=52710.6 L=52654.9 C=52659.3
2026-03-24 13:03:00 [INFO] PUT SIGNAL | close=52659.3 ≥ 30min-high(52494.3) + 35
2026-03-24 13:03:00 [INFO] Entry signal: PUT | BankNifty=52659.3 | Strike=52700
2026-03-24 13:03:00 [ERROR] Option NOT found: BANKNIFTY 52700 PE exp=2026-03-30
2026-03-24 13:03:00 [ERROR] Sample PE in scrip master → strike='4900000.000000' instrumenttype='OPTIDX' symbol='BANKNIFTY30MAR2649000PE' expiry='30MAR2026'
2026-03-24 13:03:00 [ERROR] Instrument not found — PUT skipped
2026-03-24 13:03:00 [INFO] New candle @ 13:03 | Open=52659.3
2026-03-24 13:06:00 [INFO] CLOSED: Candle [13:03–13:06] O=52659.3 H=52672.2 L=52516.2 C=52518.8
2026-03-24 13:06:00 [INFO] New candle @ 13:06 | Open=52518.8
2026-03-24 13:09:00 [INFO] CLOSED: Candle [13:06–13:09] O=52518.8 H=52660.7 L=52518.8 C=52657.7
2026-03-24 13:09:00 [INFO] PUT SIGNAL | close=52657.7 ≥ 30min-high(52494.3) + 35
2026-03-24 13:09:00 [INFO] Entry signal: PUT | BankNifty=52657.7 | Strike=52700
2026-03-24 13:09:00 [ERROR] Option NOT found: BANKNIFTY 52700 PE exp=2026-03-30
2026-03-24 13:09:00 [ERROR] Sample PE in scrip master → strike='4900000.000000' instrumenttype='OPTIDX' symbol='BANKNIFTY30MAR2649000PE' expiry='30MAR2026'
2026-03-24 13:09:00 [ERROR] Instrument not found — PUT skipped
2026-03-24 13:09:00 [INFO] New candle @ 13:09 | Open=52657.7
2026-03-24 13:12:00 [INFO] CLOSED: Candle [13:09–13:12] O=52657.7 H=52752.2 L=52615.2 C=52734.9
2026-03-24 13:12:00 [INFO] PUT SIGNAL | close=52734.9 ≥ 30min-high(52494.3) + 35
2026-03-24 13:12:00 [INFO] Entry signal: PUT | BankNifty=52734.9 | Strike=52700
2026-03-24 13:12:00 [ERROR] Option NOT found: BANKNIFTY 52700 PE exp=2026-03-30
2026-03-24 13:12:00 [ERROR] Sample PE in scrip master → strike='4900000.000000' instrumenttype='OPTIDX' symbol='BANKNIFTY30MAR2649000PE' expiry='30MAR2026'
2026-03-24 13:12:00 [ERROR] Instrument not found — PUT skipped
2026-03-24 13:12:00 [INFO] New candle @ 13:12 | Open=52734.9
2026-03-24 13:15:00 [INFO] CLOSED: Candle [13:12–13:15] O=52734.9 H=52768.8 L=52686.8 C=52766.3
2026-03-24 13:15:00 [INFO] PUT SIGNAL | close=52766.3 ≥ 30min-high(52494.3) + 35
2026-03-24 13:15:00 [INFO] Entry signal: PUT | BankNifty=52766.3 | Strike=52800
2026-03-24 13:15:00 [ERROR] Option NOT found: BANKNIFTY 52800 PE exp=2026-03-30
2026-03-24 13:15:00 [ERROR] Sample PE in scrip master → strike='4900000.000000' instrumenttype='OPTIDX' symbol='BANKNIFTY30MAR2649000PE' expiry='30MAR2026'
2026-03-24 13:15:00 [ERROR] Instrument not found — PUT skipped
2026-03-24 13:15:00 [INFO] New candle @ 13:15 | Open=52766.3
2026-03-24 13:18:00 [INFO] CLOSED: Candle [13:15–13:18] O=52766.3 H=52773.3 L=52691.6 C=52757.0
2026-03-24 13:18:00 [INFO] PUT SIGNAL | close=52757.0 ≥ 30min-high(52494.3) + 35
2026-03-24 13:18:00 [INFO] Entry signal: PUT | BankNifty=52757.0 | Strike=52800
2026-03-24 13:18:00 [ERROR] Option NOT found: BANKNIFTY 52800 PE exp=2026-03-30
2026-03-24 13:18:00 [ERROR] Sample PE in scrip master → strike='4900000.000000' instrumenttype='OPTIDX' symbol='BANKNIFTY30MAR2649000PE' expiry='30MAR2026'
2026-03-24 13:18:00 [ERROR] Instrument not found — PUT skipped
2026-03-24 13:18:00 [INFO] New candle @ 13:18 | Open=52757.0
2026-03-24 13:21:00 [INFO] CLOSED: Candle [13:18–13:21] O=52757.0 H=52771.6 L=52694.8 C=52748.2
2026-03-24 13:21:00 [INFO] PUT SIGNAL | close=52748.2 ≥ 30min-high(52494.3) + 35
2026-03-24 13:21:00 [INFO] Entry signal: PUT | BankNifty=52748.2 | Strike=52700
2026-03-24 13:21:00 [ERROR] Option NOT found: BANKNIFTY 52700 PE exp=2026-03-30
2026-03-24 13:21:00 [ERROR] Sample PE in scrip master → strike='4900000.000000' instrumenttype='OPTIDX' symbol='BANKNIFTY30MAR2649000PE' expiry='30MAR2026'
2026-03-24 13:21:00 [ERROR] Instrument not found — PUT skipped
2026-03-24 13:21:00 [INFO] New candle @ 13:21 | Open=52748.2
2026-03-24 13:24:00 [INFO] CLOSED: Candle [13:21–13:24] O=52748.2 H=52810.3 L=52743.6 C=52779.7
2026-03-24 13:24:00 [INFO] PUT SIGNAL | close=52779.7 ≥ 30min-high(52494.3) + 35
2026-03-24 13:24:00 [INFO] Entry signal: PUT | BankNifty=52779.7 | Strike=52800
2026-03-24 13:24:00 [ERROR] Option NOT found: BANKNIFTY 52800 PE exp=2026-03-30
2026-03-24 13:24:00 [ERROR] Sample PE in scrip master → strike='4900000.000000' instrumenttype='OPTIDX' symbol='BANKNIFTY30MAR2649000PE' expiry='30MAR2026'
2026-03-24 13:24:00 [ERROR] Instrument not found — PUT skipped
2026-03-24 13:24:00 [INFO] New candle @ 13:24 | Open=52779.7
2026-03-24 13:27:00 [INFO] CLOSED: Candle [13:24–13:27] O=52779.7 H=52803.1 L=52731.6 C=52799.8
2026-03-24 13:27:00 [INFO] PUT SIGNAL | close=52799.8 ≥ 30min-high(52494.3) + 35
2026-03-24 13:27:00 [INFO] Entry signal: PUT | BankNifty=52799.8 | Strike=52800
2026-03-24 13:27:00 [ERROR] Option NOT found: BANKNIFTY 52800 PE exp=2026-03-30
2026-03-24 13:27:00 [ERROR] Sample PE in scrip master → strike='4900000.000000' instrumenttype='OPTIDX' symbol='BANKNIFTY30MAR2649000PE' expiry='30MAR2026'
2026-03-24 13:27:00 [ERROR] Instrument not found — PUT skipped
2026-03-24 13:27:00 [INFO] New candle @ 13:27 | Open=52799.8
2026-03-24 13:30:00 [INFO] CLOSED: Candle [13:27–13:30] O=52799.8 H=52854.3 L=52788.8 C=52847.4
2026-03-24 13:30:00 [INFO] PUT SIGNAL | close=52847.4 ≥ 30min-high(52494.3) + 35
2026-03-24 13:30:00 [INFO] Entry signal: PUT | BankNifty=52847.4 | Strike=52800
2026-03-24 13:30:00 [ERROR] Option NOT found: BANKNIFTY 52800 PE exp=2026-03-30
2026-03-24 13:30:00 [ERROR] Sample PE in scrip master → strike='4900000.000000' instrumenttype='OPTIDX' symbol='BANKNIFTY30MAR2649000PE' expiry='30MAR2026'
2026-03-24 13:30:00 [ERROR] Instrument not found — PUT skipped
2026-03-24 13:30:00 [INFO] New candle @ 13:30 | Open=52847.4
2026-03-24 13:33:00 [INFO] CLOSED: Candle [13:30–13:33] O=52847.4 H=52862.2 L=52780.1 C=52835.2
2026-03-24 13:33:00 [INFO] PUT SIGNAL | close=52835.2 ≥ 30min-high(52494.3) + 35
2026-03-24 13:33:00 [INFO] Entry signal: PUT | BankNifty=52835.2 | Strike=52800
2026-03-24 13:33:00 [ERROR] Option NOT found: BANKNIFTY 52800 PE exp=2026-03-30
2026-03-24 13:33:00 [ERROR] Sample PE in scrip master → strike='4900000.000000' instrumenttype='OPTIDX' symbol='BANKNIFTY30MAR2649000PE' expiry='30MAR2026'
2026-03-24 13:33:00 [ERROR] Instrument not found — PUT skipped
2026-03-24 13:33:00 [INFO] New candle @ 13:33 | Open=52835.2
2026-03-24 13:36:00 [INFO] CLOSED: Candle [13:33–13:36] O=52835.2 H=52909.6 L=52824.7 C=52904.6
2026-03-24 13:36:00 [INFO] PUT SIGNAL | close=52904.6 ≥ 30min-high(52494.3) + 35
2026-03-24 13:36:00 [INFO] Entry signal: PUT | BankNifty=52904.6 | Strike=52900
2026-03-24 13:36:00 [ERROR] Option NOT found: BANKNIFTY 52900 PE exp=2026-03-30
2026-03-24 13:36:00 [ERROR] Sample PE in scrip master → strike='4900000.000000' instrumenttype='OPTIDX' symbol='BANKNIFTY30MAR2649000PE' expiry='30MAR2026'
2026-03-24 13:36:00 [ERROR] Instrument not found — PUT skipped
2026-03-24 13:36:00 [INFO] New candle @ 13:36 | Open=52904.6
2026-03-24 13:39:00 [INFO] CLOSED: Candle [13:36–13:39] O=52904.6 H=52926.2 L=52855.4 C=52867.2
2026-03-24 13:39:00 [INFO] PUT SIGNAL | close=52867.2 ≥ 30min-high(52494.3) + 35
2026-03-24 13:39:00 [INFO] Entry signal: PUT | BankNifty=52867.2 | Strike=52900
2026-03-24 13:39:00 [ERROR] Option NOT found: BANKNIFTY 52900 PE exp=2026-03-30
2026-03-24 13:39:00 [ERROR] Sample PE in scrip master → strike='4900000.000000' instrumenttype='OPTIDX' symbol='BANKNIFTY30MAR2649000PE' expiry='30MAR2026'
2026-03-24 13:39:00 [ERROR] Instrument not found — PUT skipped
2026-03-24 13:39:00 [INFO] New candle @ 13:39 | Open=52867.2
2026-03-24 13:42:00 [INFO] CLOSED: Candle [13:39–13:42] O=52867.2 H=52910.5 L=52828.2 C=52907.3
2026-03-24 13:42:00 [INFO] PUT SIGNAL | close=52907.3 ≥ 30min-high(52494.3) + 35
2026-03-24 13:42:00 [INFO] Entry signal: PUT | BankNifty=52907.3 | Strike=52900
2026-03-24 13:42:00 [ERROR] Option NOT found: BANKNIFTY 52900 PE exp=2026-03-30
2026-03-24 13:42:00 [ERROR] Sample PE in scrip master → strike='4900000.000000' instrumenttype='OPTIDX' symbol='BANKNIFTY30MAR2649000PE' expiry='30MAR2026'
2026-03-24 13:42:00 [ERROR] Instrument not found — PUT skipped
2026-03-24 13:42:00 [INFO] New candle @ 13:42 | Open=52907.3
2026-03-24 13:45:00 [INFO] CLOSED: Candle [13:42–13:45] O=52907.3 H=52947.6 L=52868.9 C=52889.4
2026-03-24 13:45:00 [INFO] PUT SIGNAL | close=52889.4 ≥ 30min-high(52494.3) + 35
2026-03-24 13:45:00 [INFO] Entry signal: PUT | BankNifty=52889.4 | Strike=52900
2026-03-24 13:45:00 [ERROR] Option NOT found: BANKNIFTY 52900 PE exp=2026-03-30
2026-03-24 13:45:00 [ERROR] Sample PE in scrip master → strike='4900000.000000' instrumenttype='OPTIDX' symbol='BANKNIFTY30MAR2649000PE' expiry='30MAR2026'
2026-03-24 13:45:00 [ERROR] Instrument not found — PUT skipped
2026-03-24 13:45:00 [INFO] New candle @ 13:45 | Open=52889.4
2026-03-24 13:48:00 [INFO] CLOSED: Candle [13:45–13:48] O=52889.4 H=52906.6 L=52822.7 C=52822.5
2026-03-24 13:48:00 [INFO] PUT SIGNAL | close=52822.5 ≥ 30min-high(52494.3) + 35
2026-03-24 13:48:00 [INFO] Entry signal: PUT | BankNifty=52822.5 | Strike=52800
2026-03-24 13:48:00 [ERROR] Option NOT found: BANKNIFTY 52800 PE exp=2026-03-30
2026-03-24 13:48:00 [ERROR] Sample PE in scrip master → strike='4900000.000000' instrumenttype='OPTIDX' symbol='BANKNIFTY30MAR2649000PE' expiry='30MAR2026'
2026-03-24 13:48:00 [ERROR] Instrument not found — PUT skipped
2026-03-24 13:48:00 [INFO] New candle @ 13:48 | Open=52822.5
